Using pre-set license
Built from '2021.3/staging' branch; Version is '2021.3.18f1 (3129e69bc0c7) revision 3221990'; Using compiler version '192829333'; Build Type 'Release'
OS: 'Windows 10  (10.0.19044) 64bit Enterprise' Language: 'hu' Physical Memory: 32476 MB
BatchMode: 1, IsHumanControllingUs: 0, StartBugReporterOnCrash: 0, Is64bit: 1, IsPro: 1

COMMAND LINE ARGUMENTS:
C:\Program Files\Unity\Hub\Editor\2021.3.18f1\Editor\Unity.exe
-adb2
-batchMode
-noUpm
-name
AssetImportWorker0
-projectPath
D:/SloydGameJam/OurProject
-logFile
Logs/AssetImportWorker0.log
-srvPort
61723
Successfully changed project path to: D:/SloydGameJam/OurProject
D:/SloydGameJam/OurProject
[UnityMemory] Configuration Parameters - Can be set up in boot.config
    "memorysetup-bucket-allocator-granularity=16"
    "memorysetup-bucket-allocator-bucket-count=8"
    "memorysetup-bucket-allocator-block-size=33554432"
    "memorysetup-bucket-allocator-block-count=8"
    "memorysetup-main-allocator-block-size=16777216"
    "memorysetup-thread-allocator-block-size=16777216"
    "memorysetup-gfx-main-allocator-block-size=16777216"
    "memorysetup-gfx-thread-allocator-block-size=16777216"
    "memorysetup-cache-allocator-block-size=4194304"
    "memorysetup-typetree-allocator-block-size=2097152"
    "memorysetup-profiler-bucket-allocator-granularity=16"
    "memorysetup-profiler-bucket-allocator-bucket-count=8"
    "memorysetup-profiler-bucket-allocator-block-size=33554432"
    "memorysetup-profiler-bucket-allocator-block-count=8"
    "memorysetup-profiler-allocator-block-size=16777216"
    "memorysetup-profiler-editor-allocator-block-size=1048576"
    "memorysetup-temp-allocator-size-main=16777216"
    "memorysetup-job-temp-allocator-block-size=2097152"
    "memorysetup-job-temp-allocator-block-size-background=1048576"
    "memorysetup-job-temp-allocator-reduction-small-platforms=262144"
    "memorysetup-temp-allocator-size-background-worker=32768"
    "memorysetup-temp-allocator-size-job-worker=262144"
    "memorysetup-temp-allocator-size-preload-manager=33554432"
    "memorysetup-temp-allocator-size-nav-mesh-worker=65536"
    "memorysetup-temp-allocator-size-audio-worker=65536"
    "memorysetup-temp-allocator-size-cloud-worker=32768"
    "memorysetup-temp-allocator-size-gi-baking-worker=262144"
    "memorysetup-temp-allocator-size-gfx=262144"
Player connection [12972] Host "[IP] 10.0.12.7 [Port] 0 [Flags] 2 [Guid] 2031138186 [EditorId] 2031138186 [Version] 1048832 [Id] WindowsEditor(7,C102-13) [Debug] 1 [PackageName] WindowsEditor [ProjectName] Editor" joined multi-casting on [225.0.0.222:54997]...

Player connection [12972] Host "[IP] 10.0.12.7 [Port] 0 [Flags] 2 [Guid] 2031138186 [EditorId] 2031138186 [Version] 1048832 [Id] WindowsEditor(7,C102-13) [Debug] 1 [PackageName] WindowsEditor [ProjectName] Editor" joined alternative multi-casting on [225.0.0.222:34997]...

Refreshing native plugins compatible for Editor in 77.33 ms, found 3 plugins.
Preloading 0 native plugins for Editor in 0.00 ms.
Initialize engine version: 2021.3.18f1 (3129e69bc0c7)
[Subsystems] Discovering subsystems at path C:/Program Files/Unity/Hub/Editor/2021.3.18f1/Editor/Data/Resources/UnitySubsystems
[Subsystems] Discovering subsystems at path D:/SloydGameJam/OurProject/Assets
GfxDevice: creating device client; threaded=0; jobified=0
Direct3D:
    Version:  Direct3D 11.0 [level 11.1]
    Renderer: Intel(R) UHD Graphics 750 (ID=0x4c8a)
    Vendor:   Intel
    VRAM:     16238 MB
    Driver:   30.0.101.1340
Initialize mono
Mono path[0] = 'C:/Program Files/Unity/Hub/Editor/2021.3.18f1/Editor/Data/Managed'
Mono path[1] = 'C:/Program Files/Unity/Hub/Editor/2021.3.18f1/Editor/Data/MonoBleedingEdge/lib/mono/unityjit-win32'
Mono config path = 'C:/Program Files/Unity/Hub/Editor/2021.3.18f1/Editor/Data/MonoBleedingEdge/etc'
Using monoOptions --debugger-agent=transport=dt_socket,embedding=1,server=y,suspend=n,address=127.0.0.1:56092
Begin MonoManager ReloadAssembly
Registering precompiled unity dll's ...
Register platform support module: C:/Program Files/Unity/Hub/Editor/2021.3.18f1/Editor/Data/PlaybackEngines/WindowsStandaloneSupport/UnityEditor.WindowsStandalone.Extensions.dll
Registered in 0.002847 seconds.
Native extension for WindowsStandalone target not found
Refreshing native plugins compatible for Editor in 61.13 ms, found 3 plugins.
Preloading 0 native plugins for Editor in 0.00 ms.
Mono: successfully reloaded assembly
- Completed reload, in  0.444 seconds
Domain Reload Profiling:
	ReloadAssembly (445ms)
		BeginReloadAssembly (52ms)
			ExecutionOrderSort (0ms)
			DisableScriptedObjects (0ms)
			BackupInstance (0ms)
			ReleaseScriptingObjects (0ms)
			CreateAndSetChildDomain (1ms)
		EndReloadAssembly (323ms)
			LoadAssemblies (52ms)
			RebuildTransferFunctionScriptingTraits (0ms)
			SetupTypeCache (81ms)
			ReleaseScriptCaches (0ms)
			RebuildScriptCaches (19ms)
			SetupLoadedEditorAssemblies (191ms)
				LogAssemblyErrors (0ms)
				InitializePlatformSupportModulesInManaged (5ms)
				SetLoadedEditorAssemblies (0ms)
				RefreshPlugins (61ms)
				BeforeProcessingInitializeOnLoad (1ms)
				ProcessInitializeOnLoadAttributes (94ms)
				ProcessInitializeOnLoadMethodAttributes (30ms)
				AfterProcessingInitializeOnLoad (0ms)
				EditorAssembliesLoaded (0ms)
			ExecutionOrderSort2 (0ms)
			AwakeInstancesAfterBackupRestoration (0ms)
Platform modules already initialized, skipping
Registering precompiled user dll's ...
Registered in 0.004187 seconds.
Begin MonoManager ReloadAssembly
Symbol file LoadedFromMemory doesn't match image D:\SloydGameJam\OurProject\Library\PackageCache\com.unity.visualscripting@1.8.0\Editor\VisualScripting.Core\Dependencies\YamlDotNet\Unity.VisualScripting.YamlDotNet.dll
Symbol file LoadedFromMemory doesn't match image D:\SloydGameJam\OurProject\Library\PackageCache\com.unity.visualscripting@1.8.0\Editor\VisualScripting.Core\Dependencies\DotNetZip\Unity.VisualScripting.IonicZip.dll
Native extension for WindowsStandalone target not found
Refreshing native plugins compatible for Editor in 62.30 ms, found 3 plugins.
Preloading 0 native plugins for Editor in 0.00 ms.
Mono: successfully reloaded assembly
- Completed reload, in  0.846 seconds
Domain Reload Profiling:
	ReloadAssembly (847ms)
		BeginReloadAssembly (77ms)
			ExecutionOrderSort (0ms)
			DisableScriptedObjects (4ms)
			BackupInstance (0ms)
			ReleaseScriptingObjects (0ms)
			CreateAndSetChildDomain (14ms)
		EndReloadAssembly (694ms)
			LoadAssemblies (63ms)
			RebuildTransferFunctionScriptingTraits (0ms)
			SetupTypeCache (234ms)
			ReleaseScriptCaches (0ms)
			RebuildScriptCaches (38ms)
			SetupLoadedEditorAssemblies (336ms)
				LogAssemblyErrors (0ms)
				InitializePlatformSupportModulesInManaged (2ms)
				SetLoadedEditorAssemblies (0ms)
				RefreshPlugins (62ms)
				BeforeProcessingInitializeOnLoad (59ms)
				ProcessInitializeOnLoadAttributes (156ms)
				ProcessInitializeOnLoadMethodAttributes (53ms)
				AfterProcessingInitializeOnLoad (4ms)
				EditorAssembliesLoaded (0ms)
			ExecutionOrderSort2 (0ms)
			AwakeInstancesAfterBackupRestoration (4ms)
Platform modules already initialized, skipping
========================================================================
Worker process is ready to serve import requests
Launched and connected shader compiler UnityShaderCompiler.exe after 0.03 seconds
Refreshing native plugins compatible for Editor in 0.56 ms, found 3 plugins.
Preloading 0 native plugins for Editor in 0.00 ms.
Unloading 4705 Unused Serialized files (Serialized files now loaded: 0)
Unloading 31 unused Assets / (0.7 MB). Loaded Objects now: 5159.
Memory consumption went from 188.9 MB to 188.2 MB.
Total: 3.054100 ms (FindLiveObjects: 0.295400 ms CreateObjectMapping: 0.166000 ms MarkObjects: 2.360600 ms  DeleteObjects: 0.231400 ms)

AssetImportParameters requested are different than current active one (requested -> active):
  custom:video-decoder-ogg-theora: a1e56fd34408186e4bbccfd4996cb3dc -> 
  custom:container-muxer-webm: aa71ff27fc2769a1b78a27578f13a17b -> 
  custom:container-demuxer-webm: 4f35f7cbe854078d1ac9338744f61a02 -> 
  custom:video-encoder-webm-vp8: eb34c28f22e8b96e1ab97ce403110664 -> 
  custom:audio-encoder-webm-vorbis: bf7c407c2cedff20999df2af8eb42d56 -> 
  custom:framework-win-MediaFoundation: 216162199b28c13a410421893ffa2e32 -> 
  custom:container-demuxer-ogg: 62fdf1f143b41e24485cea50d1cbac27 -> 
  custom:video-decoder-webm-vp8: 9c59270c3fd7afecdb556c50c9e8de78 -> 
  custom:audio-decoder-ogg-vorbis: bf7c407c2cedff20999df2af8eb42d56 -> 
========================================================================
Received Import Request.
  Time since last request: 6331.701984 seconds.
  path: Assets/UniversalRenderPipelineGlobalSettings.asset
  artifactKey: Guid(18dc0cd2c080841dea60987a38ce93fa) Importer(815301076,1909f56bfc062723c751e8b465ee728b)
Start importing Assets/UniversalRenderPipelineGlobalSettings.asset using Guid(18dc0cd2c080841dea60987a38ce93fa) Importer(815301076,1909f56bfc062723c751e8b465ee728b)  -> (artifact id: '2eecc253734895facb66926253515a97') in 0.022102 seconds 
========================================================================
Received Import Request.
  Time since last request: 1968.112511 seconds.
  path: Assets
  artifactKey: Guid(00000000000000001000000000000000) Importer(815301076,1909f56bfc062723c751e8b465ee728b)
Start importing Assets using Guid(00000000000000001000000000000000) Importer(815301076,1909f56bfc062723c751e8b465ee728b)  -> (artifact id: '79842766b460edbeab6a34051e857a80') in 0.001852 seconds 
========================================================================
Received Import Request.
  Time since last request: 4.787991 seconds.
  path: Assets/Modela
  artifactKey: Guid(af756e1265b568d42a49ab7c580ff317) Importer(815301076,1909f56bfc062723c751e8b465ee728b)
Start importing Assets/Modela using Guid(af756e1265b568d42a49ab7c580ff317) Importer(815301076,1909f56bfc062723c751e8b465ee728b)  -> (artifact id: '4c49ea3bbe4531ba56b07995e5fad64e') in 0.002788 seconds 
========================================================================
Received Import Request.
  Time since last request: 3.575274 seconds.
  path: Assets/Models
  artifactKey: Guid(af756e1265b568d42a49ab7c580ff317) Importer(815301076,1909f56bfc062723c751e8b465ee728b)
Start importing Assets/Models using Guid(af756e1265b568d42a49ab7c580ff317) Importer(815301076,1909f56bfc062723c751e8b465ee728b)  -> (artifact id: 'bda5d6830dd2097bc02fead5ade10b07') in 0.001727 seconds 
========================================================================
Received Import Request.
  Time since last request: 11.343300 seconds.
  path: Assets/Models/Environment
  artifactKey: Guid(9b9123c4ab1fa684597b433e9e99b6df) Importer(815301076,1909f56bfc062723c751e8b465ee728b)
Start importing Assets/Models/Environment using Guid(9b9123c4ab1fa684597b433e9e99b6df) Importer(815301076,1909f56bfc062723c751e8b465ee728b)  -> (artifact id: '0a56f9e8b1cee5093fd4268652b9587e') in 0.001602 seconds 
========================================================================
Received Import Request.
  Time since last request: 2780.425897 seconds.
  path: Assets/Toon Shader FX/Shaders/ToonPass.cginc
  artifactKey: Guid(ad7de65cc18bc52409273b2779e0e444) Importer(815301076,1909f56bfc062723c751e8b465ee728b)
Start importing Assets/Toon Shader FX/Shaders/ToonPass.cginc using Guid(ad7de65cc18bc52409273b2779e0e444) Importer(815301076,1909f56bfc062723c751e8b465ee728b)  -> (artifact id: '6c0f2019c75066777fc4c463ab7dc3aa') in 0.004924 seconds 
========================================================================
Received Import Request.
  Time since last request: 2.361557 seconds.
  path: Assets/Toon Shader FX/Demo/Demo.unity
  artifactKey: Guid(7e864f0f9485b944d9410d8eb9dd9cee) Importer(815301076,1909f56bfc062723c751e8b465ee728b)
Start importing Assets/Toon Shader FX/Demo/Demo.unity using Guid(7e864f0f9485b944d9410d8eb9dd9cee) Importer(815301076,1909f56bfc062723c751e8b465ee728b)  -> (artifact id: 'f027e14d88edabc428e6ea3ba502e5a1') in 0.001004 seconds 
========================================================================
Received Import Request.
  Time since last request: 37.929339 seconds.
  path: Assets/Resources/BillingMode.json
  artifactKey: Guid(4bc77c7161206445898a3e272a0d9133) Importer(815301076,1909f56bfc062723c751e8b465ee728b)
Start importing Assets/Resources/BillingMode.json using Guid(4bc77c7161206445898a3e272a0d9133) Importer(815301076,1909f56bfc062723c751e8b465ee728b)  -> (artifact id: '79d4f78b80fe5315c5ea8b04694a909b') in 0.007697 seconds 
========================================================================
Received Import Request.
  Time since last request: 16.212636 seconds.
  path: Assets/Toon Shader FX/Shaders/Toon.shader
  artifactKey: Guid(a54aebfdf4a66be44976288e9e769ae2) Importer(815301076,1909f56bfc062723c751e8b465ee728b)
Start importing Assets/Toon Shader FX/Shaders/Toon.shader using Guid(a54aebfdf4a66be44976288e9e769ae2) Importer(815301076,1909f56bfc062723c751e8b465ee728b)  -> (artifact id: 'b6080cf48a816482565a463f66189e35') in 0.003587 seconds 
========================================================================
Received Prepare
Registering precompiled user dll's ...
Registered in 0.003645 seconds.
Begin MonoManager ReloadAssembly
Symbol file LoadedFromMemory doesn't match image D:\SloydGameJam\OurProject\Library\PackageCache\com.unity.visualscripting@1.8.0\Editor\VisualScripting.Core\Dependencies\YamlDotNet\Unity.VisualScripting.YamlDotNet.dll
Symbol file LoadedFromMemory doesn't match image D:\SloydGameJam\OurProject\Library\PackageCache\com.unity.visualscripting@1.8.0\Editor\VisualScripting.Core\Dependencies\DotNetZip\Unity.VisualScripting.IonicZip.dll
Native extension for WindowsStandalone target not found
Refreshing native plugins compatible for Editor in 1.29 ms, found 3 plugins.
Preloading 0 native plugins for Editor in 0.00 ms.
Mono: successfully reloaded assembly
- Completed reload, in  0.851 seconds
Domain Reload Profiling:
	ReloadAssembly (851ms)
		BeginReloadAssembly (191ms)
			ExecutionOrderSort (0ms)
			DisableScriptedObjects (7ms)
			BackupInstance (0ms)
			ReleaseScriptingObjects (0ms)
			CreateAndSetChildDomain (97ms)
		EndReloadAssembly (593ms)
			LoadAssemblies (70ms)
			RebuildTransferFunctionScriptingTraits (0ms)
			SetupTypeCache (184ms)
			ReleaseScriptCaches (2ms)
			RebuildScriptCaches (33ms)
			SetupLoadedEditorAssemblies (275ms)
				LogAssemblyErrors (0ms)
				InitializePlatformSupportModulesInManaged (9ms)
				SetLoadedEditorAssemblies (1ms)
				RefreshPlugins (1ms)
				BeforeProcessingInitializeOnLoad (49ms)
				ProcessInitializeOnLoadAttributes (156ms)
				ProcessInitializeOnLoadMethodAttributes (55ms)
				AfterProcessingInitializeOnLoad (4ms)
				EditorAssembliesLoaded (0ms)
			ExecutionOrderSort2 (0ms)
			AwakeInstancesAfterBackupRestoration (12ms)
Platform modules already initialized, skipping
Refreshing native plugins compatible for Editor in 1.31 ms, found 3 plugins.
Preloading 0 native plugins for Editor in 0.00 ms.
Unloading 4580 Unused Serialized files (Serialized files now loaded: 0)
Unloading 27 unused Assets / (0.9 MB). Loaded Objects now: 5162.
Memory consumption went from 180.0 MB to 179.1 MB.
Total: 3.508600 ms (FindLiveObjects: 0.370800 ms CreateObjectMapping: 0.244800 ms MarkObjects: 2.586900 ms  DeleteObjects: 0.305200 ms)

AssetImportParameters requested are different than current active one (requested -> active):
  custom:video-decoder-ogg-theora: a1e56fd34408186e4bbccfd4996cb3dc -> 
  custom:container-muxer-webm: aa71ff27fc2769a1b78a27578f13a17b -> 
  custom:container-demuxer-webm: 4f35f7cbe854078d1ac9338744f61a02 -> 
  custom:video-encoder-webm-vp8: eb34c28f22e8b96e1ab97ce403110664 -> 
  custom:audio-encoder-webm-vorbis: bf7c407c2cedff20999df2af8eb42d56 -> 
  custom:framework-win-MediaFoundation: 216162199b28c13a410421893ffa2e32 -> 
  custom:container-demuxer-ogg: 62fdf1f143b41e24485cea50d1cbac27 -> 
  custom:video-decoder-webm-vp8: 9c59270c3fd7afecdb556c50c9e8de78 -> 
  custom:audio-decoder-ogg-vorbis: bf7c407c2cedff20999df2af8eb42d56 -> 
========================================================================
Received Import Request.
  Time since last request: 154.651902 seconds.
  path: Assets/Scenes
  artifactKey: Guid(2864d40d4b023834b86b28bbb45f9814) Importer(815301076,1909f56bfc062723c751e8b465ee728b)
Start importing Assets/Scenes using Guid(2864d40d4b023834b86b28bbb45f9814) Importer(815301076,1909f56bfc062723c751e8b465ee728b)  -> (artifact id: '808dcfd34ef745d160beb8705242bafb') in 0.006662 seconds 
========================================================================
Received Import Request.
  Time since last request: 0.791674 seconds.
  path: Assets/Scenes/SampleScene.unity
  artifactKey: Guid(99c9720ab356a0642a771bea13969a05) Importer(815301076,1909f56bfc062723c751e8b465ee728b)
Start importing Assets/Scenes/SampleScene.unity using Guid(99c9720ab356a0642a771bea13969a05) Importer(815301076,1909f56bfc062723c751e8b465ee728b)  -> (artifact id: '900c85dbde05255071306cdd4e1442c5') in 0.001334 seconds 
========================================================================
Received Import Request.
  Time since last request: 16.125170 seconds.
  path: Assets/Models/Environment/Altars (1).obj
  artifactKey: Guid(2d023cd952811ce40ab048a1da38a64f) Importer(815301076,1909f56bfc062723c751e8b465ee728b)
Start importing Assets/Models/Environment/Altars (1).obj using Guid(2d023cd952811ce40ab048a1da38a64f) Importer(815301076,1909f56bfc062723c751e8b465ee728b)  -> (artifact id: '8c296209932e8f44e162b14322b34062') in 1.303408 seconds 
========================================================================
Received Import Request.
  Time since last request: 0.000023 seconds.
  path: Assets/Models/Environment/Portals (1).obj
  artifactKey: Guid(2b33a32983fd7db4a8d07717a71f1baa) Importer(815301076,1909f56bfc062723c751e8b465ee728b)
Start importing Assets/Models/Environment/Portals (1).obj using Guid(2b33a32983fd7db4a8d07717a71f1baa) Importer(815301076,1909f56bfc062723c751e8b465ee728b)  -> (artifact id: 'ae985112d02dcf1a5687726bc4ac0e2a') in 0.026393 seconds 
========================================================================
Received Import Request.
  Time since last request: 0.000060 seconds.
  path: Assets/Models/Environment/Swords (3).obj
  artifactKey: Guid(d6d4eeac968cada4ba772074741bff14) Importer(815301076,1909f56bfc062723c751e8b465ee728b)
Start importing Assets/Models/Environment/Swords (3).obj using Guid(d6d4eeac968cada4ba772074741bff14) Importer(815301076,1909f56bfc062723c751e8b465ee728b)  -> (artifact id: 'd9eaf2e2f0c6938b90c44db93e2517e9') in 0.023776 seconds 
========================================================================
Received Import Request.
  Time since last request: 0.000053 seconds.
  path: Assets/Models/Environment/Portals.obj
  artifactKey: Guid(60befcbb2d8fe2b4eb8dc6cf7d7d399f) Importer(815301076,1909f56bfc062723c751e8b465ee728b)
Start importing Assets/Models/Environment/Portals.obj using Guid(60befcbb2d8fe2b4eb8dc6cf7d7d399f) Importer(815301076,1909f56bfc062723c751e8b465ee728b)  -> (artifact id: 'a44c6b83e99088b9a93dcad249f7af67') in 0.040092 seconds 
========================================================================
Received Import Request.
  Time since last request: 0.000027 seconds.
  path: Assets/Models/Environment/Shields.obj
  artifactKey: Guid(fe05731748f947b429d2b423fcd7ceab) Importer(815301076,1909f56bfc062723c751e8b465ee728b)
Start importing Assets/Models/Environment/Shields.obj using Guid(fe05731748f947b429d2b423fcd7ceab) Importer(815301076,1909f56bfc062723c751e8b465ee728b)  -> (artifact id: '54eb11f1a9840d1a3db1eb3a15b94d7e') in 0.025266 seconds 
========================================================================
Received Import Request.
  Time since last request: 0.000025 seconds.
  path: Assets/Models/Environment/Rings.obj
  artifactKey: Guid(68d717f6b0fdc324586f59089fc17bed) Importer(815301076,1909f56bfc062723c751e8b465ee728b)
Start importing Assets/Models/Environment/Rings.obj using Guid(68d717f6b0fdc324586f59089fc17bed) Importer(815301076,1909f56bfc062723c751e8b465ee728b)  -> (artifact id: '2cd1c4de6e70cc2e69a48b23b6c0e191') in 0.025181 seconds 
========================================================================
Received Import Request.
  Time since last request: 0.000027 seconds.
  path: Assets/Models/Environment/Zeppelins (2).obj
  artifactKey: Guid(934d62e85ed33ad4e8c35ac4a6151453) Importer(815301076,1909f56bfc062723c751e8b465ee728b)
Start importing Assets/Models/Environment/Zeppelins (2).obj using Guid(934d62e85ed33ad4e8c35ac4a6151453) Importer(815301076,1909f56bfc062723c751e8b465ee728b)  -> (artifact id: '24dacd23c5fff4e3b463f2f0814a6952') in 0.024404 seconds 
========================================================================
Received Import Request.
  Time since last request: 0.000025 seconds.
  path: Assets/Models/Environment/Tomb Stones (1).obj
  artifactKey: Guid(bd48e8cd07c2b6a42b955c8074ba7915) Importer(815301076,1909f56bfc062723c751e8b465ee728b)
Start importing Assets/Models/Environment/Tomb Stones (1).obj using Guid(bd48e8cd07c2b6a42b955c8074ba7915) Importer(815301076,1909f56bfc062723c751e8b465ee728b)  -> (artifact id: 'cacc8a684e8776a1bfcea345a291ca32') in 0.038684 seconds 
========================================================================
Received Import Request.
  Time since last request: 0.000035 seconds.
  path: Assets/Models/Environment/Swords (2).obj
  artifactKey: Guid(ffb414ac1bfc65046af443aa031754cb) Importer(815301076,1909f56bfc062723c751e8b465ee728b)
Start importing Assets/Models/Environment/Swords (2).obj using Guid(ffb414ac1bfc65046af443aa031754cb) Importer(815301076,1909f56bfc062723c751e8b465ee728b)  -> (artifact id: 'beffc67160a59fafb309258f59f7f7a0') in 0.021472 seconds 
========================================================================
Received Import Request.
  Time since last request: 0.000033 seconds.
  path: Assets/Models/Environment/Wall Modular Pieces.obj
  artifactKey: Guid(d7fa97fa4bd09d341bee7d0539d0f388) Importer(815301076,1909f56bfc062723c751e8b465ee728b)
Start importing Assets/Models/Environment/Wall Modular Pieces.obj using Guid(d7fa97fa4bd09d341bee7d0539d0f388) Importer(815301076,1909f56bfc062723c751e8b465ee728b)  -> (artifact id: '2b77fa90a06c6ba01188cc427b72f7e3') in 0.022690 seconds 
========================================================================
Received Import Request.
  Time since last request: 0.000024 seconds.
  path: Assets/Models/Environment/Altars_SO0.obj
  artifactKey: Guid(69d24564a2582a34cad955ec366e9cce) Importer(815301076,1909f56bfc062723c751e8b465ee728b)
Start importing Assets/Models/Environment/Altars_SO0.obj using Guid(69d24564a2582a34cad955ec366e9cce) Importer(815301076,1909f56bfc062723c751e8b465ee728b)  -> (artifact id: 'f771daa8db853e1394efb80e9bfc1809') in 0.022340 seconds 
========================================================================
Received Import Request.
  Time since last request: 0.000026 seconds.
  path: Assets/Models/Environment/Column Modular Pieces.obj
  artifactKey: Guid(bfeaeecd318655e4097d014351d64f82) Importer(815301076,1909f56bfc062723c751e8b465ee728b)
Start importing Assets/Models/Environment/Column Modular Pieces.obj using Guid(bfeaeecd318655e4097d014351d64f82) Importer(815301076,1909f56bfc062723c751e8b465ee728b)  -> (artifact id: 'e7a29d0807e3ee7476c7d3045e8b27ad') in 0.027833 seconds 
========================================================================
Received Import Request.
  Time since last request: 0.000047 seconds.
  path: Assets/Models/Environment/Zeppelins.obj
  artifactKey: Guid(3700189c0c85a59469c2b38b84752c57) Importer(815301076,1909f56bfc062723c751e8b465ee728b)
Start importing Assets/Models/Environment/Zeppelins.obj using Guid(3700189c0c85a59469c2b38b84752c57) Importer(815301076,1909f56bfc062723c751e8b465ee728b)  -> (artifact id: 'd29075f84996d3e36da55bb8678a406e') in 0.035346 seconds 
========================================================================
Received Import Request.
  Time since last request: 0.000035 seconds.
  path: Assets/Models/Environment/Portals (3).obj
  artifactKey: Guid(77daf590e8d4b2c45a5f2f2206d3cd5c) Importer(815301076,1909f56bfc062723c751e8b465ee728b)
Start importing Assets/Models/Environment/Portals (3).obj using Guid(77daf590e8d4b2c45a5f2f2206d3cd5c) Importer(815301076,1909f56bfc062723c751e8b465ee728b)  -> (artifact id: '60905b15fd41af274a7fce838f686327') in 0.029027 seconds 
========================================================================
Received Import Request.
  Time since last request: 0.000022 seconds.
  path: Assets/Models/Environment/Flower Urns (1).obj
  artifactKey: Guid(c943bd63ad108494ea2cbd41486adb1f) Importer(815301076,1909f56bfc062723c751e8b465ee728b)
Start importing Assets/Models/Environment/Flower Urns (1).obj using Guid(c943bd63ad108494ea2cbd41486adb1f) Importer(815301076,1909f56bfc062723c751e8b465ee728b)  -> (artifact id: 'eddb4aaa432d28e5287790073884170f') in 0.032444 seconds 
========================================================================
Received Import Request.
  Time since last request: 0.000027 seconds.
  path: Assets/Models/Environment/Pergolas and open houses.obj
  artifactKey: Guid(ac86d7f442c85304ca1350e5bdf4b501) Importer(815301076,1909f56bfc062723c751e8b465ee728b)
Start importing Assets/Models/Environment/Pergolas and open houses.obj using Guid(ac86d7f442c85304ca1350e5bdf4b501) Importer(815301076,1909f56bfc062723c751e8b465ee728b)  -> (artifact id: '10ef0a7e74dc9e432ce6ca0d317ee513') in 0.022697 seconds 
========================================================================
Received Import Request.
  Time since last request: 0.000057 seconds.
  path: Assets/Models/Environment/Altars_SO0 (1).obj
  artifactKey: Guid(52850ca84fb48ca42905b8dcdc0eb826) Importer(815301076,1909f56bfc062723c751e8b465ee728b)
Start importing Assets/Models/Environment/Altars_SO0 (1).obj using Guid(52850ca84fb48ca42905b8dcdc0eb826) Importer(815301076,1909f56bfc062723c751e8b465ee728b)  -> (artifact id: 'c62fbbc9c5face7e014ff645e637b491') in 0.022077 seconds 
Editor requested this worker to shutdown with reason: Scaling down because of idle timeout
AssetImportWorker is now disconnected from the server
Process exiting
Exiting without the bug reporter. Application will terminate with return code 0