Using pre-set license
Built from '2021.3/staging' branch; Version is '2021.3.18f1 (3129e69bc0c7) revision 3221990'; Using compiler version '192829333'; Build Type 'Release'
OS: 'Windows 10  (10.0.19045) 64bit Professional' Language: 'hu' Physical Memory: 8142 MB
BatchMode: 1, IsHumanControllingUs: 0, StartBugReporterOnCrash: 0, Is64bit: 1, IsPro: 1

COMMAND LINE ARGUMENTS:
C:\Program Files\Unity\Hub\Editor\2021.3.18f1\Editor\Unity.exe
-adb2
-batchMode
-noUpm
-name
AssetImportWorker15
-projectPath
C:/SloydGameJam/OurProject
-logFile
Logs/AssetImportWorker15.log
-srvPort
59386
Successfully changed project path to: C:/SloydGameJam/OurProject
C:/SloydGameJam/OurProject
[UnityMemory] Configuration Parameters - Can be set up in boot.config
    "memorysetup-bucket-allocator-granularity=16"
    "memorysetup-bucket-allocator-bucket-count=8"
    "memorysetup-bucket-allocator-block-size=33554432"
    "memorysetup-bucket-allocator-block-count=8"
    "memorysetup-main-allocator-block-size=16777216"
    "memorysetup-thread-allocator-block-size=16777216"
    "memorysetup-gfx-main-allocator-block-size=16777216"
    "memorysetup-gfx-thread-allocator-block-size=16777216"
    "memorysetup-cache-allocator-block-size=4194304"
    "memorysetup-typetree-allocator-block-size=2097152"
    "memorysetup-profiler-bucket-allocator-granularity=16"
    "memorysetup-profiler-bucket-allocator-bucket-count=8"
    "memorysetup-profiler-bucket-allocator-block-size=33554432"
    "memorysetup-profiler-bucket-allocator-block-count=8"
    "memorysetup-profiler-allocator-block-size=16777216"
    "memorysetup-profiler-editor-allocator-block-size=1048576"
    "memorysetup-temp-allocator-size-main=16777216"
    "memorysetup-job-temp-allocator-block-size=2097152"
    "memorysetup-job-temp-allocator-block-size-background=1048576"
    "memorysetup-job-temp-allocator-reduction-small-platforms=262144"
    "memorysetup-temp-allocator-size-background-worker=32768"
    "memorysetup-temp-allocator-size-job-worker=262144"
    "memorysetup-temp-allocator-size-preload-manager=33554432"
    "memorysetup-temp-allocator-size-nav-mesh-worker=65536"
    "memorysetup-temp-allocator-size-audio-worker=65536"
    "memorysetup-temp-allocator-size-cloud-worker=32768"
    "memorysetup-temp-allocator-size-gi-baking-worker=262144"
    "memorysetup-temp-allocator-size-gfx=262144"
Player connection [9720] Host "[IP] 192.168.0.106 [Port] 0 [Flags] 2 [Guid] 2274006558 [EditorId] 2274006558 [Version] 1048832 [Id] WindowsEditor(7,DESKTOP-UUETVTQ) [Debug] 1 [PackageName] WindowsEditor [ProjectName] Editor" joined multi-casting on [225.0.0.222:54997]...

Player connection [9720] Host "[IP] 192.168.0.106 [Port] 0 [Flags] 2 [Guid] 2274006558 [EditorId] 2274006558 [Version] 1048832 [Id] WindowsEditor(7,DESKTOP-UUETVTQ) [Debug] 1 [PackageName] WindowsEditor [ProjectName] Editor" joined alternative multi-casting on [225.0.0.222:34997]...

Refreshing native plugins compatible for Editor in 156.89 ms, found 3 plugins.
Preloading 0 native plugins for Editor in 0.00 ms.
Initialize engine version: 2021.3.18f1 (3129e69bc0c7)
[Subsystems] Discovering subsystems at path C:/Program Files/Unity/Hub/Editor/2021.3.18f1/Editor/Data/Resources/UnitySubsystems
[Subsystems] Discovering subsystems at path C:/SloydGameJam/OurProject/Assets
GfxDevice: creating device client; threaded=0; jobified=0
Direct3D:
    Version:  Direct3D 11.0 [level 11.0]
    Renderer: NVIDIA Quadro K4200 (ID=0x11b4)
    Vendor:   NVIDIA
    VRAM:     4052 MB
    Driver:   30.0.14.7381
Initialize mono
Mono path[0] = 'C:/Program Files/Unity/Hub/Editor/2021.3.18f1/Editor/Data/Managed'
Mono path[1] = 'C:/Program Files/Unity/Hub/Editor/2021.3.18f1/Editor/Data/MonoBleedingEdge/lib/mono/unityjit-win32'
Mono config path = 'C:/Program Files/Unity/Hub/Editor/2021.3.18f1/Editor/Data/MonoBleedingEdge/etc'
Using monoOptions --debugger-agent=transport=dt_socket,embedding=1,server=y,suspend=n,address=127.0.0.1:56628
Begin MonoManager ReloadAssembly
Registering precompiled unity dll's ...
Register platform support module: C:/Program Files/Unity/Hub/Editor/2021.3.18f1/Editor/Data/PlaybackEngines/WebGLSupport/UnityEditor.WebGL.Extensions.dll
Register platform support module: C:/Program Files/Unity/Hub/Editor/2021.3.18f1/Editor/Data/PlaybackEngines/WindowsStandaloneSupport/UnityEditor.WindowsStandalone.Extensions.dll
Registered in 0.012402 seconds.
Native extension for WindowsStandalone target not found
Native extension for WebGL target not found
Refreshing native plugins compatible for Editor in 118.62 ms, found 3 plugins.
Preloading 0 native plugins for Editor in 0.00 ms.
Mono: successfully reloaded assembly
- Completed reload, in  0.977 seconds
Domain Reload Profiling:
	ReloadAssembly (978ms)
		BeginReloadAssembly (87ms)
			ExecutionOrderSort (0ms)
			DisableScriptedObjects (0ms)
			BackupInstance (0ms)
			ReleaseScriptingObjects (0ms)
			CreateAndSetChildDomain (1ms)
		EndReloadAssembly (707ms)
			LoadAssemblies (85ms)
			RebuildTransferFunctionScriptingTraits (0ms)
			SetupTypeCache (182ms)
			ReleaseScriptCaches (0ms)
			RebuildScriptCaches (33ms)
			SetupLoadedEditorAssemblies (429ms)
				LogAssemblyErrors (0ms)
				InitializePlatformSupportModulesInManaged (12ms)
				SetLoadedEditorAssemblies (0ms)
				RefreshPlugins (119ms)
				BeforeProcessingInitializeOnLoad (1ms)
				ProcessInitializeOnLoadAttributes (242ms)
				ProcessInitializeOnLoadMethodAttributes (55ms)
				AfterProcessingInitializeOnLoad (0ms)
				EditorAssembliesLoaded (0ms)
			ExecutionOrderSort2 (0ms)
			AwakeInstancesAfterBackupRestoration (0ms)
Platform modules already initialized, skipping
Registering precompiled user dll's ...
Registered in 0.008810 seconds.
Begin MonoManager ReloadAssembly
Symbol file LoadedFromMemory doesn't match image C:\SloydGameJam\OurProject\Library\PackageCache\com.unity.visualscripting@1.8.0\Editor\VisualScripting.Core\Dependencies\YamlDotNet\Unity.VisualScripting.YamlDotNet.dll
Symbol file LoadedFromMemory doesn't match image C:\SloydGameJam\OurProject\Library\PackageCache\com.unity.visualscripting@1.8.0\Editor\VisualScripting.Core\Dependencies\DotNetZip\Unity.VisualScripting.IonicZip.dll
Native extension for WindowsStandalone target not found
Native extension for WebGL target not found
Refreshing native plugins compatible for Editor in 120.14 ms, found 3 plugins.
Preloading 0 native plugins for Editor in 0.00 ms.
Mono: successfully reloaded assembly
- Completed reload, in  1.472 seconds
Domain Reload Profiling:
	ReloadAssembly (1473ms)
		BeginReloadAssembly (134ms)
			ExecutionOrderSort (0ms)
			DisableScriptedObjects (7ms)
			BackupInstance (0ms)
			ReleaseScriptingObjects (0ms)
			CreateAndSetChildDomain (23ms)
		EndReloadAssembly (1195ms)
			LoadAssemblies (103ms)
			RebuildTransferFunctionScriptingTraits (0ms)
			SetupTypeCache (326ms)
			ReleaseScriptCaches (1ms)
			RebuildScriptCaches (72ms)
			SetupLoadedEditorAssemblies (642ms)
				LogAssemblyErrors (0ms)
				InitializePlatformSupportModulesInManaged (7ms)
				SetLoadedEditorAssemblies (0ms)
				RefreshPlugins (120ms)
				BeforeProcessingInitializeOnLoad (122ms)
				ProcessInitializeOnLoadAttributes (288ms)
				ProcessInitializeOnLoadMethodAttributes (94ms)
				AfterProcessingInitializeOnLoad (10ms)
				EditorAssembliesLoaded (0ms)
			ExecutionOrderSort2 (0ms)
			AwakeInstancesAfterBackupRestoration (10ms)
Platform modules already initialized, skipping
========================================================================
Worker process is ready to serve import requests
Launched and connected shader compiler UnityShaderCompiler.exe after 0.06 seconds
Refreshing native plugins compatible for Editor in 1.10 ms, found 3 plugins.
Preloading 0 native plugins for Editor in 0.00 ms.
Unloading 4719 Unused Serialized files (Serialized files now loaded: 0)
Unloading 28 unused Assets / (346.4 KB). Loaded Objects now: 5188.
Memory consumption went from 191.1 MB to 190.7 MB.
Total: 4.488200 ms (FindLiveObjects: 0.511500 ms CreateObjectMapping: 0.559900 ms MarkObjects: 3.244800 ms  DeleteObjects: 0.171100 ms)

AssetImportParameters requested are different than current active one (requested -> active):
  custom:video-decoder-ogg-theora: a1e56fd34408186e4bbccfd4996cb3dc -> 
  custom:container-muxer-webm: aa71ff27fc2769a1b78a27578f13a17b -> 
  custom:container-demuxer-webm: 4f35f7cbe854078d1ac9338744f61a02 -> 
  custom:video-encoder-webm-vp8: eb34c28f22e8b96e1ab97ce403110664 -> 
  custom:audio-encoder-webm-vorbis: bf7c407c2cedff20999df2af8eb42d56 -> 
  custom:framework-win-MediaFoundation: 216162199b28c13a410421893ffa2e32 -> 
  custom:container-demuxer-ogg: 62fdf1f143b41e24485cea50d1cbac27 -> 
  custom:video-decoder-webm-vp8: 9c59270c3fd7afecdb556c50c9e8de78 -> 
  custom:audio-decoder-ogg-vorbis: bf7c407c2cedff20999df2af8eb42d56 -> 
========================================================================
Received Import Request.
  Time since last request: 1820210.549922 seconds.
  path: Assets/Textures/NewBrush.brush
  artifactKey: Guid(86c8dc38adb4ac94fb1e0adf870b57a5) Importer(815301076,1909f56bfc062723c751e8b465ee728b)
Start importing Assets/Textures/NewBrush.brush using Guid(86c8dc38adb4ac94fb1e0adf870b57a5) Importer(815301076,1909f56bfc062723c751e8b465ee728b)  -> (artifact id: '6c709c33f0dc019a8f80a6716be76112') in 0.100861 seconds 
========================================================================
Received Import Request.
  Time since last request: 10.720173 seconds.
  path: Assets/Horror/Textures/Carpet_Berber_Pattern_Gray.jpg
  artifactKey: Guid(7926d1dd6e072c34b95f0e69b82cb213) Importer(815301076,1909f56bfc062723c751e8b465ee728b)
Start importing Assets/Horror/Textures/Carpet_Berber_Pattern_Gray.jpg using Guid(7926d1dd6e072c34b95f0e69b82cb213) Importer(815301076,1909f56bfc062723c751e8b465ee728b)  -> (artifact id: '6a64ed9aa9c98f138c4512f3b342d216') in 0.091003 seconds 
========================================================================
Received Import Request.
  Time since last request: 0.000034 seconds.
  path: Assets/Horror/Standard Assets/Terrain Assets/Terrain Grass/Grass2.psd
  artifactKey: Guid(f0229365f2bf0444c90a4feacd39ccdc) Importer(815301076,1909f56bfc062723c751e8b465ee728b)
Start importing Assets/Horror/Standard Assets/Terrain Assets/Terrain Grass/Grass2.psd using Guid(f0229365f2bf0444c90a4feacd39ccdc) Importer(815301076,1909f56bfc062723c751e8b465ee728b)  -> (artifact id: '8e65469e4921d3f3e970f185d1b65b44') in 0.031357 seconds 
========================================================================
Received Import Request.
  Time since last request: 0.419839 seconds.
  path: Assets/Standard Assets/Environment/TerrainAssets/BillboardTextures/GrassFrond01AlbedoAlpha.psd
  artifactKey: Guid(2c528fec5d95e4ac28cf46399b887662) Importer(815301076,1909f56bfc062723c751e8b465ee728b)
Start importing Assets/Standard Assets/Environment/TerrainAssets/BillboardTextures/GrassFrond01AlbedoAlpha.psd using Guid(2c528fec5d95e4ac28cf46399b887662) Importer(815301076,1909f56bfc062723c751e8b465ee728b)  -> (artifact id: 'ec43ca873a10f0933a3743adce0f86da') in 0.023952 seconds 
========================================================================
Received Import Request.
  Time since last request: 4.775965 seconds.
  path: Assets/Horror/_TerrainAutoUpgrade/layer_GoodDirt3d1cca0d6d0e9938.terrainlayer
  artifactKey: Guid(cbd2da454e09d8841b5498bc4de3ead4) Importer(815301076,1909f56bfc062723c751e8b465ee728b)
Start importing Assets/Horror/_TerrainAutoUpgrade/layer_GoodDirt3d1cca0d6d0e9938.terrainlayer using Guid(cbd2da454e09d8841b5498bc4de3ead4) Importer(815301076,1909f56bfc062723c751e8b465ee728b)  -> (artifact id: 'da4b1e01e2c51e8d331246859207f0c6') in 0.031193 seconds 
========================================================================
Received Import Request.
  Time since last request: 2.470873 seconds.
  path: Assets/Horror/_TerrainAutoUpgrade/layer_Grass&Rockb956af97c33fc3d7.terrainlayer
  artifactKey: Guid(5e56bc49d90f5f0449b7cab6f997b5ac) Importer(815301076,1909f56bfc062723c751e8b465ee728b)
Start importing Assets/Horror/_TerrainAutoUpgrade/layer_Grass&Rockb956af97c33fc3d7.terrainlayer using Guid(5e56bc49d90f5f0449b7cab6f997b5ac) Importer(815301076,1909f56bfc062723c751e8b465ee728b)  -> (artifact id: '3505aadd3dd6dc2e86340c8629b28912') in 0.018324 seconds 
========================================================================
Received Import Request.
  Time since last request: 7.101674 seconds.
  path: Assets/Horror/_TerrainAutoUpgrade/layer_Grass (Hill)b956af97c33fc3d7.terrainlayer
  artifactKey: Guid(e566c4247b8f0f84aa11afb71b4d5f56) Importer(815301076,1909f56bfc062723c751e8b465ee728b)
Start importing Assets/Horror/_TerrainAutoUpgrade/layer_Grass (Hill)b956af97c33fc3d7.terrainlayer using Guid(e566c4247b8f0f84aa11afb71b4d5f56) Importer(815301076,1909f56bfc062723c751e8b465ee728b)  -> (artifact id: '3c99d311b13b973ddb8568863b9605d6') in 0.015475 seconds 
========================================================================
Received Import Request.
  Time since last request: 20.520610 seconds.
  path: Assets/Textures/NewLayer.terrainlayer
  artifactKey: Guid(6fea66b01474639498127fee0d8b5725) Importer(815301076,1909f56bfc062723c751e8b465ee728b)
Start importing Assets/Textures/NewLayer.terrainlayer using Guid(6fea66b01474639498127fee0d8b5725) Importer(815301076,1909f56bfc062723c751e8b465ee728b)  -> (artifact id: '8e5f38e439d576f8524c5f74b63d29ef') in 0.017317 seconds 
========================================================================
Received Prepare
Registering precompiled user dll's ...
Registered in 0.008663 seconds.
Begin MonoManager ReloadAssembly
Symbol file LoadedFromMemory doesn't match image C:\SloydGameJam\OurProject\Library\PackageCache\com.unity.visualscripting@1.8.0\Editor\VisualScripting.Core\Dependencies\YamlDotNet\Unity.VisualScripting.YamlDotNet.dll
Symbol file LoadedFromMemory doesn't match image C:\SloydGameJam\OurProject\Library\PackageCache\com.unity.visualscripting@1.8.0\Editor\VisualScripting.Core\Dependencies\DotNetZip\Unity.VisualScripting.IonicZip.dll
Native extension for WindowsStandalone target not found
Native extension for WebGL target not found
Refreshing native plugins compatible for Editor in 0.98 ms, found 3 plugins.
Preloading 0 native plugins for Editor in 0.00 ms.
Mono: successfully reloaded assembly
- Completed reload, in  1.349 seconds
Domain Reload Profiling:
	ReloadAssembly (1350ms)
		BeginReloadAssembly (168ms)
			ExecutionOrderSort (0ms)
			DisableScriptedObjects (9ms)
			BackupInstance (0ms)
			ReleaseScriptingObjects (0ms)
			CreateAndSetChildDomain (58ms)
		EndReloadAssembly (1053ms)
			LoadAssemblies (108ms)
			RebuildTransferFunctionScriptingTraits (0ms)
			SetupTypeCache (336ms)
			ReleaseScriptCaches (2ms)
			RebuildScriptCaches (55ms)
			SetupLoadedEditorAssemblies (491ms)
				LogAssemblyErrors (0ms)
				InitializePlatformSupportModulesInManaged (18ms)
				SetLoadedEditorAssemblies (1ms)
				RefreshPlugins (1ms)
				BeforeProcessingInitializeOnLoad (100ms)
				ProcessInitializeOnLoadAttributes (265ms)
				ProcessInitializeOnLoadMethodAttributes (96ms)
				AfterProcessingInitializeOnLoad (10ms)
				EditorAssembliesLoaded (0ms)
			ExecutionOrderSort2 (0ms)
			AwakeInstancesAfterBackupRestoration (19ms)
Platform modules already initialized, skipping
Refreshing native plugins compatible for Editor in 3.09 ms, found 3 plugins.
Preloading 0 native plugins for Editor in 0.00 ms.
Unloading 4583 Unused Serialized files (Serialized files now loaded: 0)
Unloading 29 unused Assets / (309.9 KB). Loaded Objects now: 5192.
Memory consumption went from 185.7 MB to 185.4 MB.
Total: 4.363100 ms (FindLiveObjects: 0.451600 ms CreateObjectMapping: 0.458000 ms MarkObjects: 3.353100 ms  DeleteObjects: 0.099100 ms)

AssetImportParameters requested are different than current active one (requested -> active):
  custom:video-decoder-ogg-theora: a1e56fd34408186e4bbccfd4996cb3dc -> 
  custom:container-muxer-webm: aa71ff27fc2769a1b78a27578f13a17b -> 
  custom:container-demuxer-webm: 4f35f7cbe854078d1ac9338744f61a02 -> 
  custom:video-encoder-webm-vp8: eb34c28f22e8b96e1ab97ce403110664 -> 
  custom:audio-encoder-webm-vorbis: bf7c407c2cedff20999df2af8eb42d56 -> 
  custom:framework-win-MediaFoundation: 216162199b28c13a410421893ffa2e32 -> 
  custom:container-demuxer-ogg: 62fdf1f143b41e24485cea50d1cbac27 -> 
  custom:video-decoder-webm-vp8: 9c59270c3fd7afecdb556c50c9e8de78 -> 
  custom:audio-decoder-ogg-vorbis: bf7c407c2cedff20999df2af8eb42d56 -> 
========================================================================
Received Prepare
Registering precompiled user dll's ...
Registered in 0.011015 seconds.
Begin MonoManager ReloadAssembly
Symbol file LoadedFromMemory doesn't match image C:\SloydGameJam\OurProject\Library\PackageCache\com.unity.visualscripting@1.8.0\Editor\VisualScripting.Core\Dependencies\YamlDotNet\Unity.VisualScripting.YamlDotNet.dll
Symbol file LoadedFromMemory doesn't match image C:\SloydGameJam\OurProject\Library\PackageCache\com.unity.visualscripting@1.8.0\Editor\VisualScripting.Core\Dependencies\DotNetZip\Unity.VisualScripting.IonicZip.dll
Native extension for WindowsStandalone target not found
Native extension for WebGL target not found
Refreshing native plugins compatible for Editor in 1.12 ms, found 3 plugins.
Preloading 0 native plugins for Editor in 0.00 ms.
Mono: successfully reloaded assembly
- Completed reload, in  2.047 seconds
Domain Reload Profiling:
	ReloadAssembly (2049ms)
		BeginReloadAssembly (196ms)
			ExecutionOrderSort (0ms)
			DisableScriptedObjects (9ms)
			BackupInstance (0ms)
			ReleaseScriptingObjects (0ms)
			CreateAndSetChildDomain (51ms)
		EndReloadAssembly (1646ms)
			LoadAssemblies (163ms)
			RebuildTransferFunctionScriptingTraits (0ms)
			SetupTypeCache (593ms)
			ReleaseScriptCaches (3ms)
			RebuildScriptCaches (80ms)
			SetupLoadedEditorAssemblies (714ms)
				LogAssemblyErrors (0ms)
				InitializePlatformSupportModulesInManaged (31ms)
				SetLoadedEditorAssemblies (1ms)
				RefreshPlugins (1ms)
				BeforeProcessingInitializeOnLoad (137ms)
				ProcessInitializeOnLoadAttributes (378ms)
				ProcessInitializeOnLoadMethodAttributes (150ms)
				AfterProcessingInitializeOnLoad (16ms)
				EditorAssembliesLoaded (0ms)
			ExecutionOrderSort2 (0ms)
			AwakeInstancesAfterBackupRestoration (27ms)
Platform modules already initialized, skipping
Refreshing native plugins compatible for Editor in 4.54 ms, found 3 plugins.
Preloading 0 native plugins for Editor in 0.00 ms.
Unloading 4583 Unused Serialized files (Serialized files now loaded: 0)
Unloading 21 unused Assets / (310.0 KB). Loaded Objects now: 5195.
Memory consumption went from 185.7 MB to 185.4 MB.
Total: 6.029200 ms (FindLiveObjects: 0.438200 ms CreateObjectMapping: 0.923900 ms MarkObjects: 4.575100 ms  DeleteObjects: 0.090700 ms)

AssetImportParameters requested are different than current active one (requested -> active):
  custom:video-decoder-ogg-theora: a1e56fd34408186e4bbccfd4996cb3dc -> 
  custom:container-muxer-webm: aa71ff27fc2769a1b78a27578f13a17b -> 
  custom:container-demuxer-webm: 4f35f7cbe854078d1ac9338744f61a02 -> 
  custom:video-encoder-webm-vp8: eb34c28f22e8b96e1ab97ce403110664 -> 
  custom:audio-encoder-webm-vorbis: bf7c407c2cedff20999df2af8eb42d56 -> 
  custom:framework-win-MediaFoundation: 216162199b28c13a410421893ffa2e32 -> 
  custom:container-demuxer-ogg: 62fdf1f143b41e24485cea50d1cbac27 -> 
  custom:video-decoder-webm-vp8: 9c59270c3fd7afecdb556c50c9e8de78 -> 
  custom:audio-decoder-ogg-vorbis: bf7c407c2cedff20999df2af8eb42d56 -> 
========================================================================
Received Prepare
Registering precompiled user dll's ...
Registered in 0.008470 seconds.
Begin MonoManager ReloadAssembly
Symbol file LoadedFromMemory doesn't match image C:\SloydGameJam\OurProject\Library\PackageCache\com.unity.visualscripting@1.8.0\Editor\VisualScripting.Core\Dependencies\YamlDotNet\Unity.VisualScripting.YamlDotNet.dll
Symbol file LoadedFromMemory doesn't match image C:\SloydGameJam\OurProject\Library\PackageCache\com.unity.visualscripting@1.8.0\Editor\VisualScripting.Core\Dependencies\DotNetZip\Unity.VisualScripting.IonicZip.dll
Native extension for WindowsStandalone target not found
Native extension for WebGL target not found
Refreshing native plugins compatible for Editor in 1.58 ms, found 3 plugins.
Preloading 0 native plugins for Editor in 0.00 ms.
Mono: successfully reloaded assembly
- Completed reload, in  1.647 seconds
Domain Reload Profiling:
	ReloadAssembly (1648ms)
		BeginReloadAssembly (164ms)
			ExecutionOrderSort (0ms)
			DisableScriptedObjects (7ms)
			BackupInstance (0ms)
			ReleaseScriptingObjects (0ms)
			CreateAndSetChildDomain (47ms)
		EndReloadAssembly (1356ms)
			LoadAssemblies (111ms)
			RebuildTransferFunctionScriptingTraits (0ms)
			SetupTypeCache (411ms)
			ReleaseScriptCaches (3ms)
			RebuildScriptCaches (81ms)
			SetupLoadedEditorAssemblies (643ms)
				LogAssemblyErrors (0ms)
				InitializePlatformSupportModulesInManaged (23ms)
				SetLoadedEditorAssemblies (1ms)
				RefreshPlugins (2ms)
				BeforeProcessingInitializeOnLoad (124ms)
				ProcessInitializeOnLoadAttributes (350ms)
				ProcessInitializeOnLoadMethodAttributes (129ms)
				AfterProcessingInitializeOnLoad (14ms)
				EditorAssembliesLoaded (1ms)
			ExecutionOrderSort2 (0ms)
			AwakeInstancesAfterBackupRestoration (26ms)
Platform modules already initialized, skipping
Refreshing native plugins compatible for Editor in 5.15 ms, found 3 plugins.
Preloading 0 native plugins for Editor in 0.00 ms.
Unloading 4583 Unused Serialized files (Serialized files now loaded: 0)
Unloading 21 unused Assets / (309.9 KB). Loaded Objects now: 5198.
Memory consumption went from 185.7 MB to 185.4 MB.
Total: 4.493600 ms (FindLiveObjects: 0.427000 ms CreateObjectMapping: 0.434500 ms MarkObjects: 3.528300 ms  DeleteObjects: 0.102500 ms)

AssetImportParameters requested are different than current active one (requested -> active):
  custom:video-decoder-ogg-theora: a1e56fd34408186e4bbccfd4996cb3dc -> 
  custom:container-muxer-webm: aa71ff27fc2769a1b78a27578f13a17b -> 
  custom:container-demuxer-webm: 4f35f7cbe854078d1ac9338744f61a02 -> 
  custom:video-encoder-webm-vp8: eb34c28f22e8b96e1ab97ce403110664 -> 
  custom:audio-encoder-webm-vorbis: bf7c407c2cedff20999df2af8eb42d56 -> 
  custom:framework-win-MediaFoundation: 216162199b28c13a410421893ffa2e32 -> 
  custom:container-demuxer-ogg: 62fdf1f143b41e24485cea50d1cbac27 -> 
  custom:video-decoder-webm-vp8: 9c59270c3fd7afecdb556c50c9e8de78 -> 
  custom:audio-decoder-ogg-vorbis: bf7c407c2cedff20999df2af8eb42d56 -> 
========================================================================
Received Import Request.
  Time since last request: 273.381678 seconds.
  path: Assets/Scenes/Directional Light.prefab
  artifactKey: Guid(80a18687714a40e428263c287177bcae) Importer(815301076,1909f56bfc062723c751e8b465ee728b)
Start importing Assets/Scenes/Directional Light.prefab using Guid(80a18687714a40e428263c287177bcae) Importer(815301076,1909f56bfc062723c751e8b465ee728b)  -> (artifact id: '12da28b76631483a7d126f88dd2b9377') in 0.052462 seconds 
========================================================================
Received Import Request.
  Time since last request: 1.226905 seconds.
  path: Assets/Scenes/Outside.unity
  artifactKey: Guid(fd9ef0b226881be48aedccb3f8528538) Importer(815301076,1909f56bfc062723c751e8b465ee728b)
Start importing Assets/Scenes/Outside.unity using Guid(fd9ef0b226881be48aedccb3f8528538) Importer(815301076,1909f56bfc062723c751e8b465ee728b)  -> (artifact id: 'ae9a693b694917e8e7922bc79911d32f') in 0.003217 seconds 
========================================================================
Received Prepare
Registering precompiled user dll's ...
Registered in 0.008872 seconds.
Begin MonoManager ReloadAssembly
Symbol file LoadedFromMemory doesn't match image C:\SloydGameJam\OurProject\Library\PackageCache\com.unity.visualscripting@1.8.0\Editor\VisualScripting.Core\Dependencies\YamlDotNet\Unity.VisualScripting.YamlDotNet.dll
Symbol file LoadedFromMemory doesn't match image C:\SloydGameJam\OurProject\Library\PackageCache\com.unity.visualscripting@1.8.0\Editor\VisualScripting.Core\Dependencies\DotNetZip\Unity.VisualScripting.IonicZip.dll
Native extension for WindowsStandalone target not found
Native extension for WebGL target not found
Refreshing native plugins compatible for Editor in 1.26 ms, found 3 plugins.
Preloading 0 native plugins for Editor in 0.00 ms.
Mono: successfully reloaded assembly
- Completed reload, in  1.606 seconds
Domain Reload Profiling:
	ReloadAssembly (1607ms)
		BeginReloadAssembly (163ms)
			ExecutionOrderSort (0ms)
			DisableScriptedObjects (7ms)
			BackupInstance (0ms)
			ReleaseScriptingObjects (0ms)
			CreateAndSetChildDomain (45ms)
		EndReloadAssembly (1312ms)
			LoadAssemblies (110ms)
			RebuildTransferFunctionScriptingTraits (0ms)
			SetupTypeCache (393ms)
			ReleaseScriptCaches (3ms)
			RebuildScriptCaches (72ms)
			SetupLoadedEditorAssemblies (635ms)
				LogAssemblyErrors (0ms)
				InitializePlatformSupportModulesInManaged (23ms)
				SetLoadedEditorAssemblies (1ms)
				RefreshPlugins (1ms)
				BeforeProcessingInitializeOnLoad (120ms)
				ProcessInitializeOnLoadAttributes (344ms)
				ProcessInitializeOnLoadMethodAttributes (131ms)
				AfterProcessingInitializeOnLoad (16ms)
				EditorAssembliesLoaded (0ms)
			ExecutionOrderSort2 (0ms)
			AwakeInstancesAfterBackupRestoration (26ms)
Platform modules already initialized, skipping
Refreshing native plugins compatible for Editor in 3.88 ms, found 3 plugins.
Preloading 0 native plugins for Editor in 0.00 ms.
Unloading 4583 Unused Serialized files (Serialized files now loaded: 0)
Unloading 21 unused Assets / (309.9 KB). Loaded Objects now: 5201.
Memory consumption went from 185.8 MB to 185.5 MB.
Total: 6.518600 ms (FindLiveObjects: 0.699200 ms CreateObjectMapping: 0.497300 ms MarkObjects: 5.222300 ms  DeleteObjects: 0.098600 ms)

AssetImportParameters requested are different than current active one (requested -> active):
  custom:video-decoder-ogg-theora: a1e56fd34408186e4bbccfd4996cb3dc -> 
  custom:container-muxer-webm: aa71ff27fc2769a1b78a27578f13a17b -> 
  custom:container-demuxer-webm: 4f35f7cbe854078d1ac9338744f61a02 -> 
  custom:video-encoder-webm-vp8: eb34c28f22e8b96e1ab97ce403110664 -> 
  custom:audio-encoder-webm-vorbis: bf7c407c2cedff20999df2af8eb42d56 -> 
  custom:framework-win-MediaFoundation: 216162199b28c13a410421893ffa2e32 -> 
  custom:container-demuxer-ogg: 62fdf1f143b41e24485cea50d1cbac27 -> 
  custom:video-decoder-webm-vp8: 9c59270c3fd7afecdb556c50c9e8de78 -> 
  custom:audio-decoder-ogg-vorbis: bf7c407c2cedff20999df2af8eb42d56 -> 
========================================================================
Received Import Request.
  Time since last request: 402.055976 seconds.
  path: Assets/Models/Environment/Swords (3).obj
  artifactKey: Guid(d6d4eeac968cada4ba772074741bff14) Importer(815301076,1909f56bfc062723c751e8b465ee728b)
Start importing Assets/Models/Environment/Swords (3).obj using Guid(d6d4eeac968cada4ba772074741bff14) Importer(815301076,1909f56bfc062723c751e8b465ee728b)  -> (artifact id: '7593ce76a8be1e80429842659eac46f4') in 0.381267 seconds 
========================================================================
Received Import Request.
  Time since last request: 2.745608 seconds.
  path: Assets/Models/Environment/Swords.obj
  artifactKey: Guid(4a621b91726537747b853d51b3dc35bd) Importer(815301076,1909f56bfc062723c751e8b465ee728b)
Start importing Assets/Models/Environment/Swords.obj using Guid(4a621b91726537747b853d51b3dc35bd) Importer(815301076,1909f56bfc062723c751e8b465ee728b)  -> (artifact id: '124da804063ae7c2a0204527b85a3b58') in 0.052438 seconds 
========================================================================
Received Import Request.
  Time since last request: 30.149326 seconds.
  path: Assets/Models/Tree3 Variant.prefab
  artifactKey: Guid(313afbf36f9c0ee4682951edae9a69db) Importer(815301076,1909f56bfc062723c751e8b465ee728b)
Start importing Assets/Models/Tree3 Variant.prefab using Guid(313afbf36f9c0ee4682951edae9a69db) Importer(815301076,1909f56bfc062723c751e8b465ee728b)  -> (artifact id: '71a687dcc1da38ceaa6d8b84091650ea') in 0.021025 seconds 
========================================================================
Received Import Request.
  Time since last request: 45.281031 seconds.
  path: Assets/Standard Assets/Environment/SpeedTree/Broadleaf/Broadleaf_Desktop Materials/LOD0/FacingLeaves_4.mat
  artifactKey: Guid(d5b20def9c5c05748a01627738b94531) Importer(815301076,1909f56bfc062723c751e8b465ee728b)
Start importing Assets/Standard Assets/Environment/SpeedTree/Broadleaf/Broadleaf_Desktop Materials/LOD0/FacingLeaves_4.mat using Guid(d5b20def9c5c05748a01627738b94531) Importer(815301076,1909f56bfc062723c751e8b465ee728b)  -> (artifact id: 'eb2bec967d88f6a2d2342d20bab000ab') in 0.048978 seconds 
========================================================================
Received Import Request.
  Time since last request: 0.811739 seconds.
  path: Assets/Standard Assets/Environment/SpeedTree/Conifer/Conifer_Desktop Materials/LOD0/Branches_0.mat
  artifactKey: Guid(d4880c932a8e12b48a3039233e9634a0) Importer(815301076,1909f56bfc062723c751e8b465ee728b)
Start importing Assets/Standard Assets/Environment/SpeedTree/Conifer/Conifer_Desktop Materials/LOD0/Branches_0.mat using Guid(d4880c932a8e12b48a3039233e9634a0) Importer(815301076,1909f56bfc062723c751e8b465ee728b)  -> (artifact id: '87fd4b26967c09b07f704d90ac0272cd') in 0.017925 seconds 
========================================================================
Received Import Request.
  Time since last request: 0.430660 seconds.
  path: Assets/Standard Assets/Environment/SpeedTree/Palm/Palm_Desktop Materials/LOD2/Branches_0.mat
  artifactKey: Guid(5c6bda52f548c164381f24c22067e446) Importer(815301076,1909f56bfc062723c751e8b465ee728b)
Start importing Assets/Standard Assets/Environment/SpeedTree/Palm/Palm_Desktop Materials/LOD2/Branches_0.mat using Guid(5c6bda52f548c164381f24c22067e446) Importer(815301076,1909f56bfc062723c751e8b465ee728b)  -> (artifact id: '093dc4ad6186dd7e775ffeb1f1601370') in 0.037874 seconds 
========================================================================
Received Import Request.
  Time since last request: 0.000027 seconds.
  path: Assets/Standard Assets/Environment/SpeedTree/Conifer/Conifer_Desktop Materials/LOD1/Branches_1.mat
  artifactKey: Guid(fecc9f713338e4943a8c38775af8c046) Importer(815301076,1909f56bfc062723c751e8b465ee728b)
Start importing Assets/Standard Assets/Environment/SpeedTree/Conifer/Conifer_Desktop Materials/LOD1/Branches_1.mat using Guid(fecc9f713338e4943a8c38775af8c046) Importer(815301076,1909f56bfc062723c751e8b465ee728b)  -> (artifact id: '940115042899c2b073c08ada4027db97') in 0.026226 seconds 
========================================================================
Received Import Request.
  Time since last request: 0.000026 seconds.
  path: Assets/Standard Assets/Environment/SpeedTree/Conifer/Conifer_Desktop Materials/LOD0/Branches_1.mat
  artifactKey: Guid(fdb77c3917027234db7a7792019eda2e) Importer(815301076,1909f56bfc062723c751e8b465ee728b)
Start importing Assets/Standard Assets/Environment/SpeedTree/Conifer/Conifer_Desktop Materials/LOD0/Branches_1.mat using Guid(fdb77c3917027234db7a7792019eda2e) Importer(815301076,1909f56bfc062723c751e8b465ee728b)  -> (artifact id: 'a49dbffb65b4a4ce5960f920e7da23d3') in 0.016473 seconds 
========================================================================
Received Import Request.
  Time since last request: 0.000030 seconds.
  path: Assets/Standard Assets/Environment/SpeedTree/Broadleaf/Broadleaf_Desktop Materials/LOD0/Branches_1.mat
  artifactKey: Guid(e621ee108fde15148a5e4b4ab67667b9) Importer(815301076,1909f56bfc062723c751e8b465ee728b)
Start importing Assets/Standard Assets/Environment/SpeedTree/Broadleaf/Broadleaf_Desktop Materials/LOD0/Branches_1.mat using Guid(e621ee108fde15148a5e4b4ab67667b9) Importer(815301076,1909f56bfc062723c751e8b465ee728b)  -> (artifact id: 'fa07eabd904ce07b85196d12f6ea160d') in 0.015981 seconds 
========================================================================
Received Import Request.
  Time since last request: 0.601335 seconds.
  path: Assets/Standard Assets/Environment/SpeedTree/Broadleaf/Broadleaf_Desktop Materials/LOD2/Branches_1.mat
  artifactKey: Guid(639aa87a96d586c4e84838574ce20ca3) Importer(815301076,1909f56bfc062723c751e8b465ee728b)
Start importing Assets/Standard Assets/Environment/SpeedTree/Broadleaf/Broadleaf_Desktop Materials/LOD2/Branches_1.mat using Guid(639aa87a96d586c4e84838574ce20ca3) Importer(815301076,1909f56bfc062723c751e8b465ee728b)  -> (artifact id: 'd4d4d9d3f8ccad32051c49f88708b9f6') in 0.021146 seconds 
========================================================================
Received Import Request.
  Time since last request: 0.000026 seconds.
  path: Assets/Models/Environment/Rings (1).obj
  artifactKey: Guid(ac96bcc2ba2baa84bb1cfdf2ba6993f8) Importer(815301076,1909f56bfc062723c751e8b465ee728b)
Start importing Assets/Models/Environment/Rings (1).obj using Guid(ac96bcc2ba2baa84bb1cfdf2ba6993f8) Importer(815301076,1909f56bfc062723c751e8b465ee728b)  -> (artifact id: '05342f986aae4d6b4fd3380db4b1f791') in 0.055082 seconds 
========================================================================
Received Import Request.
  Time since last request: 0.000029 seconds.
  path: Assets/Models/Environment/Portals.obj
  artifactKey: Guid(60befcbb2d8fe2b4eb8dc6cf7d7d399f) Importer(815301076,1909f56bfc062723c751e8b465ee728b)
Start importing Assets/Models/Environment/Portals.obj using Guid(60befcbb2d8fe2b4eb8dc6cf7d7d399f) Importer(815301076,1909f56bfc062723c751e8b465ee728b)  -> (artifact id: '56251cbe5658a59b17e15f7b13e03517') in 0.068459 seconds 
========================================================================
Received Import Request.
  Time since last request: 0.000038 seconds.
  path: Assets/Models/Environment/Portals (2).obj
  artifactKey: Guid(0dcca384a6d5127408b2985dca50ef0c) Importer(815301076,1909f56bfc062723c751e8b465ee728b)
Start importing Assets/Models/Environment/Portals (2).obj using Guid(0dcca384a6d5127408b2985dca50ef0c) Importer(815301076,1909f56bfc062723c751e8b465ee728b)  -> (artifact id: 'ccc677d59ea4f2aabe995c8182896531') in 0.057255 seconds 
========================================================================
Received Import Request.
  Time since last request: 0.000029 seconds.
  path: Assets/Models/Environment/Pergolas and open houses.obj
  artifactKey: Guid(ac86d7f442c85304ca1350e5bdf4b501) Importer(815301076,1909f56bfc062723c751e8b465ee728b)
Start importing Assets/Models/Environment/Pergolas and open houses.obj using Guid(ac86d7f442c85304ca1350e5bdf4b501) Importer(815301076,1909f56bfc062723c751e8b465ee728b)  -> (artifact id: '8532795aef8ba71ceafd3340bff87657') in 0.066196 seconds 
========================================================================
Received Import Request.
  Time since last request: 0.759837 seconds.
  path: Assets/Models/Environment/Flower Urns.obj
  artifactKey: Guid(d6604855813d2c04fa42eb0f848e5bd3) Importer(815301076,1909f56bfc062723c751e8b465ee728b)
Start importing Assets/Models/Environment/Flower Urns.obj using Guid(d6604855813d2c04fa42eb0f848e5bd3) Importer(815301076,1909f56bfc062723c751e8b465ee728b)  -> (artifact id: 'd8b1c09280c673a8e1a264bbd6fb9c05') in 0.046647 seconds 
========================================================================
Received Import Request.
  Time since last request: 0.000039 seconds.
  path: Assets/Models/Environment/Column Modular Pieces.obj
  artifactKey: Guid(bfeaeecd318655e4097d014351d64f82) Importer(815301076,1909f56bfc062723c751e8b465ee728b)
Start importing Assets/Models/Environment/Column Modular Pieces.obj using Guid(bfeaeecd318655e4097d014351d64f82) Importer(815301076,1909f56bfc062723c751e8b465ee728b)  -> (artifact id: '3321b109f43ca6ccd5cc39cfcb90263c') in 0.041505 seconds 
========================================================================
Received Import Request.
  Time since last request: 0.802908 seconds.
  path: Assets/Models/Environment/Candles.obj
  artifactKey: Guid(cbc0f7e2b9128c64999ff0c59719a838) Importer(815301076,1909f56bfc062723c751e8b465ee728b)
Start importing Assets/Models/Environment/Candles.obj using Guid(cbc0f7e2b9128c64999ff0c59719a838) Importer(815301076,1909f56bfc062723c751e8b465ee728b)  -> (artifact id: 'ae0d2b46545932722b8815385e963127') in 0.041721 seconds 
========================================================================
Received Import Request.
  Time since last request: 0.000034 seconds.
  path: Assets/Models/Environment/Altars_SO0 (1).obj
  artifactKey: Guid(52850ca84fb48ca42905b8dcdc0eb826) Importer(815301076,1909f56bfc062723c751e8b465ee728b)
Start importing Assets/Models/Environment/Altars_SO0 (1).obj using Guid(52850ca84fb48ca42905b8dcdc0eb826) Importer(815301076,1909f56bfc062723c751e8b465ee728b)  -> (artifact id: 'aa276a56b4ad2a38d9e1cd95f89b3065') in 0.053696 seconds 
========================================================================
Received Import Request.
  Time since last request: 0.281819 seconds.
  path: Assets/Models/Environment/Altars.obj
  artifactKey: Guid(d0225e7d370099a4f813fa6d1cca6a4e) Importer(815301076,1909f56bfc062723c751e8b465ee728b)
Start importing Assets/Models/Environment/Altars.obj using Guid(d0225e7d370099a4f813fa6d1cca6a4e) Importer(815301076,1909f56bfc062723c751e8b465ee728b)  -> (artifact id: '8b769fd612d5c077efb21e742af71180') in 0.049128 seconds 
========================================================================
Received Import Request.
  Time since last request: 0.035328 seconds.
  path: Assets/Models/Environment/Cannons.obj
  artifactKey: Guid(cfedb709d580e4a48a9e2ced2a9ffa49) Importer(815301076,1909f56bfc062723c751e8b465ee728b)
Start importing Assets/Models/Environment/Cannons.obj using Guid(cfedb709d580e4a48a9e2ced2a9ffa49) Importer(815301076,1909f56bfc062723c751e8b465ee728b)  -> (artifact id: 'adb1992de3a880a7ff428c12e1e75b2f') in 0.041900 seconds 
========================================================================
Received Import Request.
  Time since last request: 0.435343 seconds.
  path: Assets/Models/Environment/Swords (2).obj
  artifactKey: Guid(ffb414ac1bfc65046af443aa031754cb) Importer(815301076,1909f56bfc062723c751e8b465ee728b)
Start importing Assets/Models/Environment/Swords (2).obj using Guid(ffb414ac1bfc65046af443aa031754cb) Importer(815301076,1909f56bfc062723c751e8b465ee728b)  -> (artifact id: '4e4b61e3b446b784bd878c17f99ae6fa') in 0.040439 seconds 
========================================================================
Received Import Request.
  Time since last request: 1.210076 seconds.
  path: Assets/Models/Environment/Rings.obj
  artifactKey: Guid(68d717f6b0fdc324586f59089fc17bed) Importer(815301076,1909f56bfc062723c751e8b465ee728b)
Start importing Assets/Models/Environment/Rings.obj using Guid(68d717f6b0fdc324586f59089fc17bed) Importer(815301076,1909f56bfc062723c751e8b465ee728b)  -> (artifact id: '45e090a9012e12c1cb6401c1c0810ecb') in 0.047113 seconds 
========================================================================
Received Import Request.
  Time since last request: 0.000033 seconds.
  path: Packages/com.unity.searcher/Editor/Resources/FlatSkin/Font/Roboto-Regular.ttf
  artifactKey: Guid(30dc370b164eefc43b95744fc796dad0) Importer(815301076,1909f56bfc062723c751e8b465ee728b)
Start importing Packages/com.unity.searcher/Editor/Resources/FlatSkin/Font/Roboto-Regular.ttf using Guid(30dc370b164eefc43b95744fc796dad0) Importer(815301076,1909f56bfc062723c751e8b465ee728b)  -> (artifact id: '63b1f399a554a37ef6729954bb80c8b4') in 0.063243 seconds 
========================================================================
Received Import Request.
  Time since last request: 81.905464 seconds.
  path: Assets/Models/Tree3.prefab
  artifactKey: Guid(fdb6ed1fda3d48b4b86398f2553050ac) Importer(815301076,1909f56bfc062723c751e8b465ee728b)
Start importing Assets/Models/Tree3.prefab using Guid(fdb6ed1fda3d48b4b86398f2553050ac) Importer(815301076,1909f56bfc062723c751e8b465ee728b)  -> (artifact id: '936ad02bf75cd6bc50f572a9df73d168') in 0.020273 seconds 
========================================================================
Received Import Request.
  Time since last request: 342.857436 seconds.
  path: Assets/Models/Tree3.prefab
  artifactKey: Guid(fdb6ed1fda3d48b4b86398f2553050ac) Importer(815301076,1909f56bfc062723c751e8b465ee728b)
Start importing Assets/Models/Tree3.prefab using Guid(fdb6ed1fda3d48b4b86398f2553050ac) Importer(815301076,1909f56bfc062723c751e8b465ee728b)  -> (artifact id: '3ad06c4fdce2109e5fb548f992b0f502') in 0.008323 seconds 
========================================================================
Received Import Request.
  Time since last request: 11.702499 seconds.
  path: Assets/Models/untitled.blend
  artifactKey: Guid(6bbc99fea23d5354d8f3990864a933e5) Importer(815301076,1909f56bfc062723c751e8b465ee728b)
Start importing Assets/Models/untitled.blend using Guid(6bbc99fea23d5354d8f3990864a933e5) Importer(815301076,1909f56bfc062723c751e8b465ee728b)  -> (artifact id: 'b249a1ff00c3fdd3e31d5b0830fedfd5') in 0.058358 seconds 
========================================================================
Received Import Request.
  Time since last request: 6.699780 seconds.
  path: Assets/Models/tree1.blend
  artifactKey: Guid(6bbc99fea23d5354d8f3990864a933e5) Importer(815301076,1909f56bfc062723c751e8b465ee728b)
Start importing Assets/Models/tree1.blend using Guid(6bbc99fea23d5354d8f3990864a933e5) Importer(815301076,1909f56bfc062723c751e8b465ee728b)  -> (artifact id: 'cf7569db4e29ccda0f8142a8b2c0cc0e') in 0.060256 seconds 
========================================================================
Received Import Request.
  Time since last request: 54.022331 seconds.
  path: Assets/Models/tree1.prefab
  artifactKey: Guid(895fa0f94af4670448103c6ee1e2f3be) Importer(815301076,1909f56bfc062723c751e8b465ee728b)
Start importing Assets/Models/tree1.prefab using Guid(895fa0f94af4670448103c6ee1e2f3be) Importer(815301076,1909f56bfc062723c751e8b465ee728b)  -> (artifact id: '99bcb15d5b63fe3770af4faee542dc3b') in 0.017236 seconds 
========================================================================
Received Import Request.
  Time since last request: 50.370013 seconds.
  path: Packages/com.unity.searcher/Editor/Resources/FlatSkin/Font/Roboto-Medium.ttf
  artifactKey: Guid(a51a3aebb43ac044989270407476b208) Importer(815301076,1909f56bfc062723c751e8b465ee728b)
Start importing Packages/com.unity.searcher/Editor/Resources/FlatSkin/Font/Roboto-Medium.ttf using Guid(a51a3aebb43ac044989270407476b208) Importer(815301076,1909f56bfc062723c751e8b465ee728b)  -> (artifact id: '42237c279b8e4e38fc5d609f80314864') in 0.045027 seconds 
========================================================================
Received Import Request.
  Time since last request: 13.397131 seconds.
  path: Packages/com.unity.searcher/Editor/Resources/FlatSkin/Font/Roboto-Black.ttf
  artifactKey: Guid(1062c701058745940ae5dca6219c64c8) Importer(815301076,1909f56bfc062723c751e8b465ee728b)
Start importing Packages/com.unity.searcher/Editor/Resources/FlatSkin/Font/Roboto-Black.ttf using Guid(1062c701058745940ae5dca6219c64c8) Importer(815301076,1909f56bfc062723c751e8b465ee728b)  -> (artifact id: '9db2fb7b6c463c9be45f71d9892dba99') in 0.086966 seconds 
========================================================================
Received Import Request.
  Time since last request: 0.000033 seconds.
  path: Packages/com.unity.searcher/Editor/Resources/FlatSkin/Font/Roboto-Bold.ttf
  artifactKey: Guid(3750c318f40cab44a97d3a81beaefeb3) Importer(815301076,1909f56bfc062723c751e8b465ee728b)
Start importing Packages/com.unity.searcher/Editor/Resources/FlatSkin/Font/Roboto-Bold.ttf using Guid(3750c318f40cab44a97d3a81beaefeb3) Importer(815301076,1909f56bfc062723c751e8b465ee728b)  -> (artifact id: '8eb6a08788c83d1e417066b824b8fd73') in 0.036159 seconds 
========================================================================
Received Import Request.
  Time since last request: 0.000034 seconds.
  path: Packages/com.unity.searcher/Editor/Resources/FlatSkin/Font/Roboto-Italic.ttf
  artifactKey: Guid(c839255fc8f6b4b4d90bf8c1af9f9bd1) Importer(815301076,1909f56bfc062723c751e8b465ee728b)
Start importing Packages/com.unity.searcher/Editor/Resources/FlatSkin/Font/Roboto-Italic.ttf using Guid(c839255fc8f6b4b4d90bf8c1af9f9bd1) Importer(815301076,1909f56bfc062723c751e8b465ee728b)  -> (artifact id: 'd0f9776ee0f17489f5dfac012f715cfd') in 0.035893 seconds 
========================================================================
Received Import Request.
  Time since last request: 0.003021 seconds.
  path: Packages/com.unity.searcher/Editor/Resources/FlatSkin/Font/Roboto-BoldItalic.ttf
  artifactKey: Guid(dfb97a9307a577a41bcacba34b9a7e32) Importer(815301076,1909f56bfc062723c751e8b465ee728b)
Start importing Packages/com.unity.searcher/Editor/Resources/FlatSkin/Font/Roboto-BoldItalic.ttf using Guid(dfb97a9307a577a41bcacba34b9a7e32) Importer(815301076,1909f56bfc062723c751e8b465ee728b)  -> (artifact id: 'b01412d83453575506130e260a4e841d') in 0.037542 seconds 
========================================================================
Received Import Request.
  Time since last request: 0.000025 seconds.
  path: Packages/com.unity.searcher/Editor/Resources/FlatSkin/Font/Roboto-Light.ttf
  artifactKey: Guid(2a29e27936eb547458f646f71125b264) Importer(815301076,1909f56bfc062723c751e8b465ee728b)
Start importing Packages/com.unity.searcher/Editor/Resources/FlatSkin/Font/Roboto-Light.ttf using Guid(2a29e27936eb547458f646f71125b264) Importer(815301076,1909f56bfc062723c751e8b465ee728b)  -> (artifact id: '8b2643488d2bbb7dae63d183976a71cf') in 0.028290 seconds 
========================================================================
Received Import Request.
  Time since last request: 0.000027 seconds.
  path: Packages/com.unity.searcher/Editor/Resources/FlatSkin/Font/Roboto-LightItalic.ttf
  artifactKey: Guid(5e63515167650a541b309ba3bfd4db3d) Importer(815301076,1909f56bfc062723c751e8b465ee728b)
Start importing Packages/com.unity.searcher/Editor/Resources/FlatSkin/Font/Roboto-LightItalic.ttf using Guid(5e63515167650a541b309ba3bfd4db3d) Importer(815301076,1909f56bfc062723c751e8b465ee728b)  -> (artifact id: '452ae0cf15accc975e5bcaf7de40f379') in 0.036635 seconds 
========================================================================
Received Import Request.
  Time since last request: 2.889396 seconds.
  path: Packages/com.unity.searcher/Editor/Resources/FlatSkin/Font/Roboto-MediumItalic.ttf
  artifactKey: Guid(d93c1bc57fdf1ac4dad1bf04fac05464) Importer(815301076,1909f56bfc062723c751e8b465ee728b)
Start importing Packages/com.unity.searcher/Editor/Resources/FlatSkin/Font/Roboto-MediumItalic.ttf using Guid(d93c1bc57fdf1ac4dad1bf04fac05464) Importer(815301076,1909f56bfc062723c751e8b465ee728b)  -> (artifact id: '4880994ba781af8480f46e7c510b53d0') in 0.026658 seconds 
========================================================================
Received Import Request.
  Time since last request: 0.028036 seconds.
  path: Packages/com.unity.searcher/Editor/Resources/FlatSkin/Font/Roboto-Thin.ttf
  artifactKey: Guid(19a9abb883540be48b75b951a927ae03) Importer(815301076,1909f56bfc062723c751e8b465ee728b)
Start importing Packages/com.unity.searcher/Editor/Resources/FlatSkin/Font/Roboto-Thin.ttf using Guid(19a9abb883540be48b75b951a927ae03) Importer(815301076,1909f56bfc062723c751e8b465ee728b)  -> (artifact id: '4208fdc0ba81a7aa3e7cca64b237f3e1') in 0.032777 seconds 
========================================================================
Received Import Request.
  Time since last request: 21.703444 seconds.
  path: Assets/Models/tree1.prefab
  artifactKey: Guid(895fa0f94af4670448103c6ee1e2f3be) Importer(815301076,1909f56bfc062723c751e8b465ee728b)
Start importing Assets/Models/tree1.prefab using Guid(895fa0f94af4670448103c6ee1e2f3be) Importer(815301076,1909f56bfc062723c751e8b465ee728b)  -> (artifact id: '41be7792532ead67a8d27038c5dc03da') in 0.015704 seconds 
========================================================================
Received Import Request.
  Time since last request: 5.108391 seconds.
  path: Assets/Models/tree1.prefab
  artifactKey: Guid(895fa0f94af4670448103c6ee1e2f3be) Importer(815301076,1909f56bfc062723c751e8b465ee728b)
Start importing Assets/Models/tree1.prefab using Guid(895fa0f94af4670448103c6ee1e2f3be) Importer(815301076,1909f56bfc062723c751e8b465ee728b)  -> (artifact id: '914039b56f4a2bc4abec6ea9a30cf933') in 0.020734 seconds 
========================================================================
Received Import Request.
  Time since last request: 1.120935 seconds.
  path: Assets/Models/tree1.prefab
  artifactKey: Guid(895fa0f94af4670448103c6ee1e2f3be) Importer(815301076,1909f56bfc062723c751e8b465ee728b)
Start importing Assets/Models/tree1.prefab using Guid(895fa0f94af4670448103c6ee1e2f3be) Importer(815301076,1909f56bfc062723c751e8b465ee728b)  -> (artifact id: '1d9c5cabea90c1451ce8298749c1a927') in 0.014862 seconds 
========================================================================
Received Import Request.
  Time since last request: 11.023426 seconds.
  path: Assets/Models/tree1.prefab
  artifactKey: Guid(895fa0f94af4670448103c6ee1e2f3be) Importer(815301076,1909f56bfc062723c751e8b465ee728b)
Start importing Assets/Models/tree1.prefab using Guid(895fa0f94af4670448103c6ee1e2f3be) Importer(815301076,1909f56bfc062723c751e8b465ee728b)  -> (artifact id: '4f53a57aeacd38bab156e1ec22c25b56') in 0.016267 seconds 
========================================================================
Received Import Request.
  Time since last request: 50.977392 seconds.
  path: Assets/Models/tree1.prefab
  artifactKey: Guid(895fa0f94af4670448103c6ee1e2f3be) Importer(815301076,1909f56bfc062723c751e8b465ee728b)
Start importing Assets/Models/tree1.prefab using Guid(895fa0f94af4670448103c6ee1e2f3be) Importer(815301076,1909f56bfc062723c751e8b465ee728b)  -> (artifact id: 'a5d865f908be365ce8c1360ea2a4db7d') in 0.013570 seconds 
========================================================================
Received Prepare
Registering precompiled user dll's ...
Registered in 0.008017 seconds.
Begin MonoManager ReloadAssembly
Symbol file LoadedFromMemory doesn't match image C:\SloydGameJam\OurProject\Library\PackageCache\com.unity.visualscripting@1.8.0\Editor\VisualScripting.Core\Dependencies\YamlDotNet\Unity.VisualScripting.YamlDotNet.dll
Symbol file LoadedFromMemory doesn't match image C:\SloydGameJam\OurProject\Library\PackageCache\com.unity.visualscripting@1.8.0\Editor\VisualScripting.Core\Dependencies\DotNetZip\Unity.VisualScripting.IonicZip.dll
Native extension for WindowsStandalone target not found
Native extension for WebGL target not found
Refreshing native plugins compatible for Editor in 1.11 ms, found 3 plugins.
Preloading 0 native plugins for Editor in 0.00 ms.
Mono: successfully reloaded assembly
- Completed reload, in  1.928 seconds
Domain Reload Profiling:
	ReloadAssembly (1929ms)
		BeginReloadAssembly (171ms)
			ExecutionOrderSort (0ms)
			DisableScriptedObjects (13ms)
			BackupInstance (0ms)
			ReleaseScriptingObjects (0ms)
			CreateAndSetChildDomain (49ms)
		EndReloadAssembly (1624ms)
			LoadAssemblies (109ms)
			RebuildTransferFunctionScriptingTraits (0ms)
			SetupTypeCache (391ms)
			ReleaseScriptCaches (3ms)
			RebuildScriptCaches (73ms)
			SetupLoadedEditorAssemblies (877ms)
				LogAssemblyErrors (0ms)
				InitializePlatformSupportModulesInManaged (48ms)
				SetLoadedEditorAssemblies (1ms)
				RefreshPlugins (1ms)
				BeforeProcessingInitializeOnLoad (277ms)
				ProcessInitializeOnLoadAttributes (380ms)
				ProcessInitializeOnLoadMethodAttributes (152ms)
				AfterProcessingInitializeOnLoad (18ms)
				EditorAssembliesLoaded (0ms)
			ExecutionOrderSort2 (0ms)
			AwakeInstancesAfterBackupRestoration (43ms)
Platform modules already initialized, skipping
Refreshing native plugins compatible for Editor in 3.99 ms, found 3 plugins.
Preloading 0 native plugins for Editor in 0.00 ms.
Unloading 4591 Unused Serialized files (Serialized files now loaded: 0)
Unloading 21 unused Assets / (309.9 KB). Loaded Objects now: 5304.
Memory consumption went from 194.1 MB to 193.8 MB.
Total: 5.499000 ms (FindLiveObjects: 0.448400 ms CreateObjectMapping: 0.242800 ms MarkObjects: 4.716300 ms  DeleteObjects: 0.090500 ms)

AssetImportParameters requested are different than current active one (requested -> active):
  custom:video-decoder-ogg-theora: a1e56fd34408186e4bbccfd4996cb3dc -> 
  custom:container-muxer-webm: aa71ff27fc2769a1b78a27578f13a17b -> 
  custom:container-demuxer-webm: 4f35f7cbe854078d1ac9338744f61a02 -> 
  custom:video-encoder-webm-vp8: eb34c28f22e8b96e1ab97ce403110664 -> 
  custom:audio-encoder-webm-vorbis: bf7c407c2cedff20999df2af8eb42d56 -> 
  custom:framework-win-MediaFoundation: 216162199b28c13a410421893ffa2e32 -> 
  custom:container-demuxer-ogg: 62fdf1f143b41e24485cea50d1cbac27 -> 
  custom:video-decoder-webm-vp8: 9c59270c3fd7afecdb556c50c9e8de78 -> 
  custom:audio-decoder-ogg-vorbis: bf7c407c2cedff20999df2af8eb42d56 -> 
========================================================================
Received Import Request.
  Time since last request: 300.437717 seconds.
  path: Assets/Models/tree1.prefab
  artifactKey: Guid(895fa0f94af4670448103c6ee1e2f3be) Importer(815301076,1909f56bfc062723c751e8b465ee728b)
Start importing Assets/Models/tree1.prefab using Guid(895fa0f94af4670448103c6ee1e2f3be) Importer(815301076,1909f56bfc062723c751e8b465ee728b)  -> (artifact id: 'c4767bfb155da5eedcdbb83e9ea3c0ed') in 0.250639 seconds 
========================================================================
Received Import Request.
  Time since last request: 0.751120 seconds.
  path: Assets/Models/tree1.prefab
  artifactKey: Guid(895fa0f94af4670448103c6ee1e2f3be) Importer(815301076,1909f56bfc062723c751e8b465ee728b)
Start importing Assets/Models/tree1.prefab using Guid(895fa0f94af4670448103c6ee1e2f3be) Importer(815301076,1909f56bfc062723c751e8b465ee728b)  -> (artifact id: '78f9b8aaf5e361eaf27ede56692ff98d') in 0.021464 seconds 
========================================================================
Received Import Request.
  Time since last request: 2.187450 seconds.
  path: Assets/Models/tree1.prefab
  artifactKey: Guid(895fa0f94af4670448103c6ee1e2f3be) Importer(815301076,1909f56bfc062723c751e8b465ee728b)
Start importing Assets/Models/tree1.prefab using Guid(895fa0f94af4670448103c6ee1e2f3be) Importer(815301076,1909f56bfc062723c751e8b465ee728b)  -> (artifact id: '0f613dc42d495b81b5595ea013bb3974') in 0.017972 seconds 
========================================================================
Received Import Request.
  Time since last request: 109.503962 seconds.
  path: Assets/Models/tree1.prefab
  artifactKey: Guid(895fa0f94af4670448103c6ee1e2f3be) Importer(815301076,1909f56bfc062723c751e8b465ee728b)
Start importing Assets/Models/tree1.prefab using Guid(895fa0f94af4670448103c6ee1e2f3be) Importer(815301076,1909f56bfc062723c751e8b465ee728b)  -> (artifact id: '6794d8fabf566459c3028bbab64adbd3') in 0.019854 seconds 
========================================================================
Received Import Request.
  Time since last request: 1.173847 seconds.
  path: Assets/Models/tree1.prefab
  artifactKey: Guid(895fa0f94af4670448103c6ee1e2f3be) Importer(815301076,1909f56bfc062723c751e8b465ee728b)
Start importing Assets/Models/tree1.prefab using Guid(895fa0f94af4670448103c6ee1e2f3be) Importer(815301076,1909f56bfc062723c751e8b465ee728b)  -> (artifact id: '5e746782a799a1f2b0ad7149e1b3622a') in 0.018101 seconds 
========================================================================
Received Import Request.
  Time since last request: 0.813698 seconds.
  path: Assets/Models/tree1.prefab
  artifactKey: Guid(895fa0f94af4670448103c6ee1e2f3be) Importer(815301076,1909f56bfc062723c751e8b465ee728b)
Start importing Assets/Models/tree1.prefab using Guid(895fa0f94af4670448103c6ee1e2f3be) Importer(815301076,1909f56bfc062723c751e8b465ee728b)  -> (artifact id: '29a425070244909cc55f2f7d78f2840e') in 0.019603 seconds 
========================================================================
Received Import Request.
  Time since last request: 261.806827 seconds.
  path: Assets/Models/tree1.prefab
  artifactKey: Guid(895fa0f94af4670448103c6ee1e2f3be) Importer(815301076,1909f56bfc062723c751e8b465ee728b)
Start importing Assets/Models/tree1.prefab using Guid(895fa0f94af4670448103c6ee1e2f3be) Importer(815301076,1909f56bfc062723c751e8b465ee728b)  -> (artifact id: '5b7000c521cd0d87ff2ff26e1dd24b11') in 0.007095 seconds 
========================================================================
Received Import Request.
  Time since last request: 11.853101 seconds.
  path: Assets/Models/untitled.blend
  artifactKey: Guid(f1c226053d455e9438c762410b4223b8) Importer(815301076,1909f56bfc062723c751e8b465ee728b)
Start importing Assets/Models/untitled.blend using Guid(f1c226053d455e9438c762410b4223b8) Importer(815301076,1909f56bfc062723c751e8b465ee728b)  -> (artifact id: '8dde9e6c3c393873040cb206fbe5d8bc') in 0.080305 seconds 
========================================================================
Received Import Request.
  Time since last request: 7.000647 seconds.
  path: Assets/Models/tree1.blend
  artifactKey: Guid(f1c226053d455e9438c762410b4223b8) Importer(815301076,1909f56bfc062723c751e8b465ee728b)
Start importing Assets/Models/tree1.blend using Guid(f1c226053d455e9438c762410b4223b8) Importer(815301076,1909f56bfc062723c751e8b465ee728b)  -> (artifact id: '0cce3644bbd9ed395fefdbc5ce46cf88') in 0.046129 seconds 
========================================================================
Received Prepare
Registering precompiled user dll's ...
Registered in 0.008197 seconds.
Begin MonoManager ReloadAssembly
Symbol file LoadedFromMemory doesn't match image C:\SloydGameJam\OurProject\Library\PackageCache\com.unity.visualscripting@1.8.0\Editor\VisualScripting.Core\Dependencies\YamlDotNet\Unity.VisualScripting.YamlDotNet.dll
Symbol file LoadedFromMemory doesn't match image C:\SloydGameJam\OurProject\Library\PackageCache\com.unity.visualscripting@1.8.0\Editor\VisualScripting.Core\Dependencies\DotNetZip\Unity.VisualScripting.IonicZip.dll
Native extension for WindowsStandalone target not found
Native extension for WebGL target not found
Refreshing native plugins compatible for Editor in 1.24 ms, found 3 plugins.
Preloading 0 native plugins for Editor in 0.00 ms.
Mono: successfully reloaded assembly
- Completed reload, in  1.665 seconds
Domain Reload Profiling:
	ReloadAssembly (1666ms)
		BeginReloadAssembly (164ms)
			ExecutionOrderSort (0ms)
			DisableScriptedObjects (9ms)
			BackupInstance (0ms)
			ReleaseScriptingObjects (0ms)
			CreateAndSetChildDomain (49ms)
		EndReloadAssembly (1370ms)
			LoadAssemblies (108ms)
			RebuildTransferFunctionScriptingTraits (0ms)
			SetupTypeCache (384ms)
			ReleaseScriptCaches (2ms)
			RebuildScriptCaches (72ms)
			SetupLoadedEditorAssemblies (644ms)
				LogAssemblyErrors (0ms)
				InitializePlatformSupportModulesInManaged (23ms)
				SetLoadedEditorAssemblies (1ms)
				RefreshPlugins (1ms)
				BeforeProcessingInitializeOnLoad (123ms)
				ProcessInitializeOnLoadAttributes (349ms)
				ProcessInitializeOnLoadMethodAttributes (132ms)
				AfterProcessingInitializeOnLoad (14ms)
				EditorAssembliesLoaded (0ms)
			ExecutionOrderSort2 (0ms)
			AwakeInstancesAfterBackupRestoration (44ms)
Platform modules already initialized, skipping
Refreshing native plugins compatible for Editor in 4.59 ms, found 3 plugins.
Preloading 0 native plugins for Editor in 0.00 ms.
Unloading 4591 Unused Serialized files (Serialized files now loaded: 0)
Unloading 21 unused Assets / (309.9 KB). Loaded Objects now: 5348.
Memory consumption went from 194.1 MB to 193.8 MB.
Total: 5.081500 ms (FindLiveObjects: 0.753200 ms CreateObjectMapping: 0.569000 ms MarkObjects: 3.661700 ms  DeleteObjects: 0.096300 ms)

AssetImportParameters requested are different than current active one (requested -> active):
  custom:video-decoder-ogg-theora: a1e56fd34408186e4bbccfd4996cb3dc -> 
  custom:container-muxer-webm: aa71ff27fc2769a1b78a27578f13a17b -> 
  custom:container-demuxer-webm: 4f35f7cbe854078d1ac9338744f61a02 -> 
  custom:video-encoder-webm-vp8: eb34c28f22e8b96e1ab97ce403110664 -> 
  custom:audio-encoder-webm-vorbis: bf7c407c2cedff20999df2af8eb42d56 -> 
  custom:framework-win-MediaFoundation: 216162199b28c13a410421893ffa2e32 -> 
  custom:container-demuxer-ogg: 62fdf1f143b41e24485cea50d1cbac27 -> 
  custom:video-decoder-webm-vp8: 9c59270c3fd7afecdb556c50c9e8de78 -> 
  custom:audio-decoder-ogg-vorbis: bf7c407c2cedff20999df2af8eb42d56 -> 
========================================================================
Received Import Request.
  Time since last request: 136.799275 seconds.
  path: Assets/Standard Assets/Environment/SpeedTree/Palm/Palm_Desktop.spm
  artifactKey: Guid(d027af1092f6b434090f040565e7e656) Importer(815301076,1909f56bfc062723c751e8b465ee728b)
Start importing Assets/Standard Assets/Environment/SpeedTree/Palm/Palm_Desktop.spm using Guid(d027af1092f6b434090f040565e7e656) Importer(815301076,1909f56bfc062723c751e8b465ee728b)  -> (artifact id: 'cab014b1fb868aeb5359e54b3d3c31dc') in 0.385647 seconds 
========================================================================
Received Import Request.
  Time since last request: 31.472115 seconds.
  path: Assets/Models/tree1.prefab
  artifactKey: Guid(895fa0f94af4670448103c6ee1e2f3be) Importer(815301076,1909f56bfc062723c751e8b465ee728b)
Start importing Assets/Models/tree1.prefab using Guid(895fa0f94af4670448103c6ee1e2f3be) Importer(815301076,1909f56bfc062723c751e8b465ee728b)  -> (artifact id: '63d5f9bd628be9f9bdb9ff61903074ca') in 0.025417 seconds 
========================================================================
Received Import Request.
  Time since last request: 135.580181 seconds.
  path: Assets/Models/tree1.prefab
  artifactKey: Guid(895fa0f94af4670448103c6ee1e2f3be) Importer(815301076,1909f56bfc062723c751e8b465ee728b)
Start importing Assets/Models/tree1.prefab using Guid(895fa0f94af4670448103c6ee1e2f3be) Importer(815301076,1909f56bfc062723c751e8b465ee728b)  -> (artifact id: '3aad9fbc85c7311e70658976fd8b51f8') in 0.017383 seconds 
========================================================================
Received Import Request.
  Time since last request: 27.662372 seconds.
  path: Assets/Models/tree1.prefab
  artifactKey: Guid(895fa0f94af4670448103c6ee1e2f3be) Importer(815301076,1909f56bfc062723c751e8b465ee728b)
Start importing Assets/Models/tree1.prefab using Guid(895fa0f94af4670448103c6ee1e2f3be) Importer(815301076,1909f56bfc062723c751e8b465ee728b)  -> (artifact id: '11d9117480b4029f6650ec0373c54f62') in 0.013224 seconds 
========================================================================
Received Import Request.
  Time since last request: 9.999951 seconds.
  path: Assets/Models/tree1.prefab
  artifactKey: Guid(895fa0f94af4670448103c6ee1e2f3be) Importer(815301076,1909f56bfc062723c751e8b465ee728b)
Start importing Assets/Models/tree1.prefab using Guid(895fa0f94af4670448103c6ee1e2f3be) Importer(815301076,1909f56bfc062723c751e8b465ee728b)  -> (artifact id: '6179c998605e33f506d879becf1ba00e') in 0.017820 seconds 
========================================================================
Received Import Request.
  Time since last request: 4.298582 seconds.
  path: Assets/Models/tree1.prefab
  artifactKey: Guid(895fa0f94af4670448103c6ee1e2f3be) Importer(815301076,1909f56bfc062723c751e8b465ee728b)
Start importing Assets/Models/tree1.prefab using Guid(895fa0f94af4670448103c6ee1e2f3be) Importer(815301076,1909f56bfc062723c751e8b465ee728b)  -> (artifact id: '3ef595b112b43f09e73aba6df62277f1') in 0.014161 seconds 
========================================================================
Received Import Request.
  Time since last request: 71.435427 seconds.
  path: Assets/Models/tree1.prefab
  artifactKey: Guid(895fa0f94af4670448103c6ee1e2f3be) Importer(815301076,1909f56bfc062723c751e8b465ee728b)
Start importing Assets/Models/tree1.prefab using Guid(895fa0f94af4670448103c6ee1e2f3be) Importer(815301076,1909f56bfc062723c751e8b465ee728b)  -> (artifact id: '15f6f3cbed376d42026014f01a713e61') in 0.013954 seconds 
========================================================================
Received Import Request.
  Time since last request: 9.383761 seconds.
  path: Assets/Models/tree1.prefab
  artifactKey: Guid(895fa0f94af4670448103c6ee1e2f3be) Importer(815301076,1909f56bfc062723c751e8b465ee728b)
Start importing Assets/Models/tree1.prefab using Guid(895fa0f94af4670448103c6ee1e2f3be) Importer(815301076,1909f56bfc062723c751e8b465ee728b)  -> (artifact id: '08b71809e60113085754f31af37cb795') in 0.016317 seconds 
========================================================================
Received Import Request.
  Time since last request: 62.308600 seconds.
  path: Assets/Models/tree1.prefab
  artifactKey: Guid(895fa0f94af4670448103c6ee1e2f3be) Importer(815301076,1909f56bfc062723c751e8b465ee728b)
Start importing Assets/Models/tree1.prefab using Guid(895fa0f94af4670448103c6ee1e2f3be) Importer(815301076,1909f56bfc062723c751e8b465ee728b)  -> (artifact id: 'ca482ae1e7742aeab8379adb5bb5e2b9') in 0.015799 seconds 
========================================================================
Received Import Request.
  Time since last request: 1.944381 seconds.
  path: Assets/Models/tree1.prefab
  artifactKey: Guid(895fa0f94af4670448103c6ee1e2f3be) Importer(815301076,1909f56bfc062723c751e8b465ee728b)
Start importing Assets/Models/tree1.prefab using Guid(895fa0f94af4670448103c6ee1e2f3be) Importer(815301076,1909f56bfc062723c751e8b465ee728b)  -> (artifact id: '6b4daba7249f3f998c27a00a6849a42a') in 0.015489 seconds 
========================================================================
Received Import Request.
  Time since last request: 3.100295 seconds.
  path: Assets/Models/tree1.prefab
  artifactKey: Guid(895fa0f94af4670448103c6ee1e2f3be) Importer(815301076,1909f56bfc062723c751e8b465ee728b)
Start importing Assets/Models/tree1.prefab using Guid(895fa0f94af4670448103c6ee1e2f3be) Importer(815301076,1909f56bfc062723c751e8b465ee728b)  -> (artifact id: '8e6d437806ac2b422f92539765ffe51e') in 0.017028 seconds 
========================================================================
Received Import Request.
  Time since last request: 52.776340 seconds.
  path: Assets/Models/tree1.prefab
  artifactKey: Guid(895fa0f94af4670448103c6ee1e2f3be) Importer(815301076,1909f56bfc062723c751e8b465ee728b)
Start importing Assets/Models/tree1.prefab using Guid(895fa0f94af4670448103c6ee1e2f3be) Importer(815301076,1909f56bfc062723c751e8b465ee728b)  -> (artifact id: '79a44f526be5787033f879de613450f9') in 0.011794 seconds 
========================================================================
Received Import Request.
  Time since last request: 3.790626 seconds.
  path: Assets/Models/tree1.prefab
  artifactKey: Guid(895fa0f94af4670448103c6ee1e2f3be) Importer(815301076,1909f56bfc062723c751e8b465ee728b)
Start importing Assets/Models/tree1.prefab using Guid(895fa0f94af4670448103c6ee1e2f3be) Importer(815301076,1909f56bfc062723c751e8b465ee728b)  -> (artifact id: '61d30b0ae2bffa36ff0d14d187806018') in 0.010466 seconds 
========================================================================
Received Import Request.
  Time since last request: 142.428016 seconds.
  path: Assets/Models/tree1.prefab
  artifactKey: Guid(895fa0f94af4670448103c6ee1e2f3be) Importer(815301076,1909f56bfc062723c751e8b465ee728b)
Start importing Assets/Models/tree1.prefab using Guid(895fa0f94af4670448103c6ee1e2f3be) Importer(815301076,1909f56bfc062723c751e8b465ee728b)  -> (artifact id: 'b75cd40c28b6ff5ec46a7deb1b0a2ae7') in 0.006395 seconds 
========================================================================
Received Import Request.
  Time since last request: 6.559746 seconds.
  path: Assets/Models/untitled.blend
  artifactKey: Guid(51b2cc6d384e87c4ba456a540b64a7bc) Importer(815301076,1909f56bfc062723c751e8b465ee728b)
Start importing Assets/Models/untitled.blend using Guid(51b2cc6d384e87c4ba456a540b64a7bc) Importer(815301076,1909f56bfc062723c751e8b465ee728b)  -> (artifact id: '382af619128772a337308f74e056bdb5') in 0.046508 seconds 
========================================================================
Received Import Request.
  Time since last request: 22.048843 seconds.
  path: Assets/Models/untitled.prefab
  artifactKey: Guid(0b27b948762a18040a8d4db20a58768d) Importer(815301076,1909f56bfc062723c751e8b465ee728b)
Start importing Assets/Models/untitled.prefab using Guid(0b27b948762a18040a8d4db20a58768d) Importer(815301076,1909f56bfc062723c751e8b465ee728b)  -> (artifact id: '7132099450fd87db471e47106c4df9ec') in 0.017894 seconds 
========================================================================
Received Import Request.
  Time since last request: 6.603707 seconds.
  path: Assets/Models/tree1_col.prefab
  artifactKey: Guid(0b27b948762a18040a8d4db20a58768d) Importer(815301076,1909f56bfc062723c751e8b465ee728b)
Start importing Assets/Models/tree1_col.prefab using Guid(0b27b948762a18040a8d4db20a58768d) Importer(815301076,1909f56bfc062723c751e8b465ee728b)  -> (artifact id: 'c755f19607ead5e97c89e7e36d80c38e') in 0.020780 seconds 
========================================================================
Received Import Request.
  Time since last request: 5.579670 seconds.
  path: Assets/Models/tree1.blend
  artifactKey: Guid(51b2cc6d384e87c4ba456a540b64a7bc) Importer(815301076,1909f56bfc062723c751e8b465ee728b)
Start importing Assets/Models/tree1.blend using Guid(51b2cc6d384e87c4ba456a540b64a7bc) Importer(815301076,1909f56bfc062723c751e8b465ee728b)  -> (artifact id: '44854f27c74cdf18cbc5b177c6972098') in 0.038315 seconds 
========================================================================
Received Import Request.
  Time since last request: 72.518347 seconds.
  path: Assets/Models/tree1_col.prefab
  artifactKey: Guid(0b27b948762a18040a8d4db20a58768d) Importer(815301076,1909f56bfc062723c751e8b465ee728b)
Start importing Assets/Models/tree1_col.prefab using Guid(0b27b948762a18040a8d4db20a58768d) Importer(815301076,1909f56bfc062723c751e8b465ee728b)  -> (artifact id: '7167751e2387eda8e31507b7a8d563f9') in 0.017876 seconds 
========================================================================
Received Import Request.
  Time since last request: 0.797361 seconds.
  path: Assets/Models/tree1_col.prefab
  artifactKey: Guid(0b27b948762a18040a8d4db20a58768d) Importer(815301076,1909f56bfc062723c751e8b465ee728b)
Start importing Assets/Models/tree1_col.prefab using Guid(0b27b948762a18040a8d4db20a58768d) Importer(815301076,1909f56bfc062723c751e8b465ee728b)  -> (artifact id: '1bd3012b3671e56484112c2c68f2ee70') in 0.015870 seconds 
========================================================================
Received Import Request.
  Time since last request: 2.397406 seconds.
  path: Assets/Models/tree1_col.prefab
  artifactKey: Guid(0b27b948762a18040a8d4db20a58768d) Importer(815301076,1909f56bfc062723c751e8b465ee728b)
Start importing Assets/Models/tree1_col.prefab using Guid(0b27b948762a18040a8d4db20a58768d) Importer(815301076,1909f56bfc062723c751e8b465ee728b)  -> (artifact id: '8bc7966211d4cc6f6a68241c395971c6') in 0.016318 seconds 
========================================================================
Received Import Request.
  Time since last request: 315.778485 seconds.
  path: Assets/Models/untitled.blend
  artifactKey: Guid(50484ad1e82ffbf4a8bc207b53f71823) Importer(815301076,1909f56bfc062723c751e8b465ee728b)
Start importing Assets/Models/untitled.blend using Guid(50484ad1e82ffbf4a8bc207b53f71823) Importer(815301076,1909f56bfc062723c751e8b465ee728b)  -> (artifact id: 'c75bf1e7da31c078580ca7338d10b46d') in 0.035916 seconds 
========================================================================
Received Import Request.
  Time since last request: 197.384015 seconds.
  path: Assets/Models/untitled.blend
  artifactKey: Guid(50484ad1e82ffbf4a8bc207b53f71823) Importer(815301076,1909f56bfc062723c751e8b465ee728b)
Start importing Assets/Models/untitled.blend using Guid(50484ad1e82ffbf4a8bc207b53f71823) Importer(815301076,1909f56bfc062723c751e8b465ee728b)  -> (artifact id: 'bf1d811970e220244efa4608d4e4011f') in 0.040600 seconds 
========================================================================
Received Import Request.
  Time since last request: 1.817478 seconds.
  path: Assets/Models/tree1_col.prefab
  artifactKey: Guid(0b27b948762a18040a8d4db20a58768d) Importer(815301076,1909f56bfc062723c751e8b465ee728b)
Start importing Assets/Models/tree1_col.prefab using Guid(0b27b948762a18040a8d4db20a58768d) Importer(815301076,1909f56bfc062723c751e8b465ee728b)  -> (artifact id: '91ce68ac29b0d192290f1de756e5127f') in 0.004598 seconds 
========================================================================
Received Import Request.
  Time since last request: 3.266562 seconds.
  path: Assets/Models/untitled.blend1
  artifactKey: Guid(f4eb85b002b16ae49aa57e1668c2c00a) Importer(815301076,1909f56bfc062723c751e8b465ee728b)
Start importing Assets/Models/untitled.blend1 using Guid(f4eb85b002b16ae49aa57e1668c2c00a) Importer(815301076,1909f56bfc062723c751e8b465ee728b)  -> (artifact id: '03277f164b862f67be07469fbbc69d82') in 0.005847 seconds 
========================================================================
Received Import Request.
  Time since last request: 40.590393 seconds.
  path: Assets/Models/untitled.blend
  artifactKey: Guid(50484ad1e82ffbf4a8bc207b53f71823) Importer(815301076,1909f56bfc062723c751e8b465ee728b)
Start importing Assets/Models/untitled.blend using Guid(50484ad1e82ffbf4a8bc207b53f71823) Importer(815301076,1909f56bfc062723c751e8b465ee728b)  -> (artifact id: '96e7380e894b9848bcc01879d2f6ab59') in 0.037658 seconds 
========================================================================
Received Import Request.
  Time since last request: 29.073235 seconds.
  path: Assets/Models/untitled.prefab
  artifactKey: Guid(65761b3de896074498f3583ffaa0394f) Importer(815301076,1909f56bfc062723c751e8b465ee728b)
Start importing Assets/Models/untitled.prefab using Guid(65761b3de896074498f3583ffaa0394f) Importer(815301076,1909f56bfc062723c751e8b465ee728b)  -> (artifact id: '4acae2ce8b09b2dda6fb357fe06c0a20') in 0.016685 seconds 
========================================================================
Received Prepare
Registering precompiled user dll's ...
Registered in 0.007992 seconds.
Begin MonoManager ReloadAssembly
Symbol file LoadedFromMemory doesn't match image C:\SloydGameJam\OurProject\Library\PackageCache\com.unity.visualscripting@1.8.0\Editor\VisualScripting.Core\Dependencies\YamlDotNet\Unity.VisualScripting.YamlDotNet.dll
Symbol file LoadedFromMemory doesn't match image C:\SloydGameJam\OurProject\Library\PackageCache\com.unity.visualscripting@1.8.0\Editor\VisualScripting.Core\Dependencies\DotNetZip\Unity.VisualScripting.IonicZip.dll
Native extension for WindowsStandalone target not found
Native extension for WebGL target not found
Refreshing native plugins compatible for Editor in 1.10 ms, found 3 plugins.
Preloading 0 native plugins for Editor in 0.00 ms.
Mono: successfully reloaded assembly
- Completed reload, in  1.711 seconds
Domain Reload Profiling:
	ReloadAssembly (1713ms)
		BeginReloadAssembly (172ms)
			ExecutionOrderSort (0ms)
			DisableScriptedObjects (10ms)
			BackupInstance (0ms)
			ReleaseScriptingObjects (0ms)
			CreateAndSetChildDomain (49ms)
		EndReloadAssembly (1403ms)
			LoadAssemblies (117ms)
			RebuildTransferFunctionScriptingTraits (0ms)
			SetupTypeCache (388ms)
			ReleaseScriptCaches (3ms)
			RebuildScriptCaches (76ms)
			SetupLoadedEditorAssemblies (665ms)
				LogAssemblyErrors (0ms)
				InitializePlatformSupportModulesInManaged (24ms)
				SetLoadedEditorAssemblies (1ms)
				RefreshPlugins (1ms)
				BeforeProcessingInitializeOnLoad (120ms)
				ProcessInitializeOnLoadAttributes (370ms)
				ProcessInitializeOnLoadMethodAttributes (135ms)
				AfterProcessingInitializeOnLoad (14ms)
				EditorAssembliesLoaded (0ms)
			ExecutionOrderSort2 (0ms)
			AwakeInstancesAfterBackupRestoration (43ms)
Platform modules already initialized, skipping
Refreshing native plugins compatible for Editor in 3.95 ms, found 3 plugins.
Preloading 0 native plugins for Editor in 0.00 ms.
Unloading 4591 Unused Serialized files (Serialized files now loaded: 0)
Unloading 21 unused Assets / (309.9 KB). Loaded Objects now: 5392.
Memory consumption went from 194.3 MB to 194.0 MB.
Total: 4.690700 ms (FindLiveObjects: 0.431800 ms CreateObjectMapping: 0.214200 ms MarkObjects: 3.956600 ms  DeleteObjects: 0.086800 ms)

AssetImportParameters requested are different than current active one (requested -> active):
  custom:video-decoder-ogg-theora: a1e56fd34408186e4bbccfd4996cb3dc -> 
  custom:container-muxer-webm: aa71ff27fc2769a1b78a27578f13a17b -> 
  custom:container-demuxer-webm: 4f35f7cbe854078d1ac9338744f61a02 -> 
  custom:video-encoder-webm-vp8: eb34c28f22e8b96e1ab97ce403110664 -> 
  custom:audio-encoder-webm-vorbis: bf7c407c2cedff20999df2af8eb42d56 -> 
  custom:framework-win-MediaFoundation: 216162199b28c13a410421893ffa2e32 -> 
  custom:container-demuxer-ogg: 62fdf1f143b41e24485cea50d1cbac27 -> 
  custom:video-decoder-webm-vp8: 9c59270c3fd7afecdb556c50c9e8de78 -> 
  custom:audio-decoder-ogg-vorbis: bf7c407c2cedff20999df2af8eb42d56 -> 
========================================================================
Received Prepare
Registering precompiled user dll's ...
Registered in 0.007856 seconds.
Begin MonoManager ReloadAssembly
Symbol file LoadedFromMemory doesn't match image C:\SloydGameJam\OurProject\Library\PackageCache\com.unity.visualscripting@1.8.0\Editor\VisualScripting.Core\Dependencies\YamlDotNet\Unity.VisualScripting.YamlDotNet.dll
Symbol file LoadedFromMemory doesn't match image C:\SloydGameJam\OurProject\Library\PackageCache\com.unity.visualscripting@1.8.0\Editor\VisualScripting.Core\Dependencies\DotNetZip\Unity.VisualScripting.IonicZip.dll
Native extension for WindowsStandalone target not found
Native extension for WebGL target not found
Refreshing native plugins compatible for Editor in 1.06 ms, found 3 plugins.
Preloading 0 native plugins for Editor in 0.00 ms.
Mono: successfully reloaded assembly
- Completed reload, in  1.650 seconds
Domain Reload Profiling:
	ReloadAssembly (1651ms)
		BeginReloadAssembly (158ms)
			ExecutionOrderSort (0ms)
			DisableScriptedObjects (7ms)
			BackupInstance (0ms)
			ReleaseScriptingObjects (0ms)
			CreateAndSetChildDomain (44ms)
		EndReloadAssembly (1357ms)
			LoadAssemblies (111ms)
			RebuildTransferFunctionScriptingTraits (0ms)
			SetupTypeCache (353ms)
			ReleaseScriptCaches (3ms)
			RebuildScriptCaches (63ms)
			SetupLoadedEditorAssemblies (680ms)
				LogAssemblyErrors (0ms)
				InitializePlatformSupportModulesInManaged (23ms)
				SetLoadedEditorAssemblies (1ms)
				RefreshPlugins (1ms)
				BeforeProcessingInitializeOnLoad (123ms)
				ProcessInitializeOnLoadAttributes (379ms)
				ProcessInitializeOnLoadMethodAttributes (136ms)
				AfterProcessingInitializeOnLoad (15ms)
				EditorAssembliesLoaded (0ms)
			ExecutionOrderSort2 (0ms)
			AwakeInstancesAfterBackupRestoration (35ms)
Platform modules already initialized, skipping
Refreshing native plugins compatible for Editor in 3.30 ms, found 3 plugins.
Preloading 0 native plugins for Editor in 0.00 ms.
Unloading 4591 Unused Serialized files (Serialized files now loaded: 0)
Unloading 21 unused Assets / (309.9 KB). Loaded Objects now: 5395.
Memory consumption went from 194.2 MB to 193.9 MB.
Total: 4.845800 ms (FindLiveObjects: 0.545900 ms CreateObjectMapping: 0.485800 ms MarkObjects: 3.722400 ms  DeleteObjects: 0.090600 ms)

AssetImportParameters requested are different than current active one (requested -> active):
  custom:video-decoder-ogg-theora: a1e56fd34408186e4bbccfd4996cb3dc -> 
  custom:container-muxer-webm: aa71ff27fc2769a1b78a27578f13a17b -> 
  custom:container-demuxer-webm: 4f35f7cbe854078d1ac9338744f61a02 -> 
  custom:video-encoder-webm-vp8: eb34c28f22e8b96e1ab97ce403110664 -> 
  custom:audio-encoder-webm-vorbis: bf7c407c2cedff20999df2af8eb42d56 -> 
  custom:framework-win-MediaFoundation: 216162199b28c13a410421893ffa2e32 -> 
  custom:container-demuxer-ogg: 62fdf1f143b41e24485cea50d1cbac27 -> 
  custom:video-decoder-webm-vp8: 9c59270c3fd7afecdb556c50c9e8de78 -> 
  custom:audio-decoder-ogg-vorbis: bf7c407c2cedff20999df2af8eb42d56 -> 
========================================================================
Received Import Request.
  Time since last request: 533.675102 seconds.
  path: Assets/Models/tree2.blend
  artifactKey: Guid(bd89f8a88fdcfdd49874b4c9a6fc1210) Importer(815301076,1909f56bfc062723c751e8b465ee728b)
Start importing Assets/Models/tree2.blend using Guid(bd89f8a88fdcfdd49874b4c9a6fc1210) Importer(815301076,1909f56bfc062723c751e8b465ee728b)  -> (artifact id: 'db551953d4ce832d806e56eb5fa8c210') in 0.308463 seconds 
========================================================================
Received Import Request.
  Time since last request: 38.007439 seconds.
  path: Assets/Models/tree2.prefab
  artifactKey: Guid(7748bd36c97087348b30646b5eb72bf6) Importer(815301076,1909f56bfc062723c751e8b465ee728b)
Start importing Assets/Models/tree2.prefab using Guid(7748bd36c97087348b30646b5eb72bf6) Importer(815301076,1909f56bfc062723c751e8b465ee728b)  -> (artifact id: 'f47dcf7862529836044cc047a304b4f9') in 0.020823 seconds 
========================================================================
Received Import Request.
  Time since last request: 101.333969 seconds.
  path: Assets/Models/tree2.blend
  artifactKey: Guid(bd89f8a88fdcfdd49874b4c9a6fc1210) Importer(815301076,1909f56bfc062723c751e8b465ee728b)
Start importing Assets/Models/tree2.blend using Guid(bd89f8a88fdcfdd49874b4c9a6fc1210) Importer(815301076,1909f56bfc062723c751e8b465ee728b)  -> (artifact id: '5edbbc4fa39d03baa5b2b410ec53a662') in 0.039178 seconds 
========================================================================
Received Import Request.
  Time since last request: 156.168863 seconds.
  path: Assets/Models/tree2.prefab
  artifactKey: Guid(7748bd36c97087348b30646b5eb72bf6) Importer(815301076,1909f56bfc062723c751e8b465ee728b)
Start importing Assets/Models/tree2.prefab using Guid(7748bd36c97087348b30646b5eb72bf6) Importer(815301076,1909f56bfc062723c751e8b465ee728b)  -> (artifact id: '64ff68b733c4a21f5a88a0988ccf86f3') in 0.018775 seconds 
========================================================================
Received Import Request.
  Time since last request: 0.972982 seconds.
  path: Assets/Models/tree2.prefab
  artifactKey: Guid(7748bd36c97087348b30646b5eb72bf6) Importer(815301076,1909f56bfc062723c751e8b465ee728b)
Start importing Assets/Models/tree2.prefab using Guid(7748bd36c97087348b30646b5eb72bf6) Importer(815301076,1909f56bfc062723c751e8b465ee728b)  -> (artifact id: 'f7ae290b4f7b4f0cb9ccc5dc227d4893') in 0.019488 seconds 
========================================================================
Received Import Request.
  Time since last request: 2.614251 seconds.
  path: Assets/Models/tree2.prefab
  artifactKey: Guid(7748bd36c97087348b30646b5eb72bf6) Importer(815301076,1909f56bfc062723c751e8b465ee728b)
Start importing Assets/Models/tree2.prefab using Guid(7748bd36c97087348b30646b5eb72bf6) Importer(815301076,1909f56bfc062723c751e8b465ee728b)  -> (artifact id: 'f313bf4549a08de3fd9a26c7d6a21801') in 0.021404 seconds 
========================================================================
Received Prepare
Registering precompiled user dll's ...
Registered in 0.008801 seconds.
Begin MonoManager ReloadAssembly
Symbol file LoadedFromMemory doesn't match image C:\SloydGameJam\OurProject\Library\PackageCache\com.unity.visualscripting@1.8.0\Editor\VisualScripting.Core\Dependencies\YamlDotNet\Unity.VisualScripting.YamlDotNet.dll
Symbol file LoadedFromMemory doesn't match image C:\SloydGameJam\OurProject\Library\PackageCache\com.unity.visualscripting@1.8.0\Editor\VisualScripting.Core\Dependencies\DotNetZip\Unity.VisualScripting.IonicZip.dll
Native extension for WindowsStandalone target not found
Native extension for WebGL target not found
Refreshing native plugins compatible for Editor in 1.31 ms, found 3 plugins.
Preloading 0 native plugins for Editor in 0.00 ms.
Mono: successfully reloaded assembly
- Completed reload, in  1.692 seconds
Domain Reload Profiling:
	ReloadAssembly (1694ms)
		BeginReloadAssembly (174ms)
			ExecutionOrderSort (0ms)
			DisableScriptedObjects (10ms)
			BackupInstance (0ms)
			ReleaseScriptingObjects (0ms)
			CreateAndSetChildDomain (47ms)
		EndReloadAssembly (1383ms)
			LoadAssemblies (116ms)
			RebuildTransferFunctionScriptingTraits (0ms)
			SetupTypeCache (359ms)
			ReleaseScriptCaches (2ms)
			RebuildScriptCaches (73ms)
			SetupLoadedEditorAssemblies (680ms)
				LogAssemblyErrors (0ms)
				InitializePlatformSupportModulesInManaged (23ms)
				SetLoadedEditorAssemblies (1ms)
				RefreshPlugins (1ms)
				BeforeProcessingInitializeOnLoad (131ms)
				ProcessInitializeOnLoadAttributes (372ms)
				ProcessInitializeOnLoadMethodAttributes (137ms)
				AfterProcessingInitializeOnLoad (15ms)
				EditorAssembliesLoaded (0ms)
			ExecutionOrderSort2 (0ms)
			AwakeInstancesAfterBackupRestoration (47ms)
Platform modules already initialized, skipping
Refreshing native plugins compatible for Editor in 4.26 ms, found 3 plugins.
Preloading 0 native plugins for Editor in 0.00 ms.
Unloading 4591 Unused Serialized files (Serialized files now loaded: 0)
Unloading 21 unused Assets / (310.0 KB). Loaded Objects now: 5439.
Memory consumption went from 194.3 MB to 194.0 MB.
Total: 6.763700 ms (FindLiveObjects: 0.446800 ms CreateObjectMapping: 0.339800 ms MarkObjects: 5.881000 ms  DeleteObjects: 0.094700 ms)

AssetImportParameters requested are different than current active one (requested -> active):
  custom:video-decoder-ogg-theora: a1e56fd34408186e4bbccfd4996cb3dc -> 
  custom:container-muxer-webm: aa71ff27fc2769a1b78a27578f13a17b -> 
  custom:container-demuxer-webm: 4f35f7cbe854078d1ac9338744f61a02 -> 
  custom:video-encoder-webm-vp8: eb34c28f22e8b96e1ab97ce403110664 -> 
  custom:audio-encoder-webm-vorbis: bf7c407c2cedff20999df2af8eb42d56 -> 
  custom:framework-win-MediaFoundation: 216162199b28c13a410421893ffa2e32 -> 
  custom:container-demuxer-ogg: 62fdf1f143b41e24485cea50d1cbac27 -> 
  custom:video-decoder-webm-vp8: 9c59270c3fd7afecdb556c50c9e8de78 -> 
  custom:audio-decoder-ogg-vorbis: bf7c407c2cedff20999df2af8eb42d56 -> 
========================================================================
Received Prepare
Registering precompiled user dll's ...
Registered in 0.008221 seconds.
Begin MonoManager ReloadAssembly
Symbol file LoadedFromMemory doesn't match image C:\SloydGameJam\OurProject\Library\PackageCache\com.unity.visualscripting@1.8.0\Editor\VisualScripting.Core\Dependencies\YamlDotNet\Unity.VisualScripting.YamlDotNet.dll
Symbol file LoadedFromMemory doesn't match image C:\SloydGameJam\OurProject\Library\PackageCache\com.unity.visualscripting@1.8.0\Editor\VisualScripting.Core\Dependencies\DotNetZip\Unity.VisualScripting.IonicZip.dll
Native extension for WindowsStandalone target not found
Native extension for WebGL target not found
Refreshing native plugins compatible for Editor in 1.00 ms, found 3 plugins.
Preloading 0 native plugins for Editor in 0.00 ms.
Mono: successfully reloaded assembly
- Completed reload, in  1.743 seconds
Domain Reload Profiling:
	ReloadAssembly (1744ms)
		BeginReloadAssembly (165ms)
			ExecutionOrderSort (0ms)
			DisableScriptedObjects (7ms)
			BackupInstance (0ms)
			ReleaseScriptingObjects (0ms)
			CreateAndSetChildDomain (44ms)
		EndReloadAssembly (1424ms)
			LoadAssemblies (113ms)
			RebuildTransferFunctionScriptingTraits (0ms)
			SetupTypeCache (406ms)
			ReleaseScriptCaches (4ms)
			RebuildScriptCaches (78ms)
			SetupLoadedEditorAssemblies (676ms)
				LogAssemblyErrors (0ms)
				InitializePlatformSupportModulesInManaged (23ms)
				SetLoadedEditorAssemblies (1ms)
				RefreshPlugins (1ms)
				BeforeProcessingInitializeOnLoad (140ms)
				ProcessInitializeOnLoadAttributes (365ms)
				ProcessInitializeOnLoadMethodAttributes (128ms)
				AfterProcessingInitializeOnLoad (18ms)
				EditorAssembliesLoaded (0ms)
			ExecutionOrderSort2 (0ms)
			AwakeInstancesAfterBackupRestoration (35ms)
Platform modules already initialized, skipping
Refreshing native plugins compatible for Editor in 4.74 ms, found 3 plugins.
Preloading 0 native plugins for Editor in 0.00 ms.
Unloading 4591 Unused Serialized files (Serialized files now loaded: 0)
Unloading 21 unused Assets / (309.9 KB). Loaded Objects now: 5442.
Memory consumption went from 194.5 MB to 194.2 MB.
Total: 6.781200 ms (FindLiveObjects: 0.628800 ms CreateObjectMapping: 0.349000 ms MarkObjects: 5.683500 ms  DeleteObjects: 0.118800 ms)

AssetImportParameters requested are different than current active one (requested -> active):
  custom:video-decoder-ogg-theora: a1e56fd34408186e4bbccfd4996cb3dc -> 
  custom:container-muxer-webm: aa71ff27fc2769a1b78a27578f13a17b -> 
  custom:container-demuxer-webm: 4f35f7cbe854078d1ac9338744f61a02 -> 
  custom:video-encoder-webm-vp8: eb34c28f22e8b96e1ab97ce403110664 -> 
  custom:audio-encoder-webm-vorbis: bf7c407c2cedff20999df2af8eb42d56 -> 
  custom:framework-win-MediaFoundation: 216162199b28c13a410421893ffa2e32 -> 
  custom:container-demuxer-ogg: 62fdf1f143b41e24485cea50d1cbac27 -> 
  custom:video-decoder-webm-vp8: 9c59270c3fd7afecdb556c50c9e8de78 -> 
  custom:audio-decoder-ogg-vorbis: bf7c407c2cedff20999df2af8eb42d56 -> 
========================================================================
Received Prepare
Registering precompiled user dll's ...
Registered in 0.009064 seconds.
Begin MonoManager ReloadAssembly
Symbol file LoadedFromMemory doesn't match image C:\SloydGameJam\OurProject\Library\PackageCache\com.unity.visualscripting@1.8.0\Editor\VisualScripting.Core\Dependencies\YamlDotNet\Unity.VisualScripting.YamlDotNet.dll
Symbol file LoadedFromMemory doesn't match image C:\SloydGameJam\OurProject\Library\PackageCache\com.unity.visualscripting@1.8.0\Editor\VisualScripting.Core\Dependencies\DotNetZip\Unity.VisualScripting.IonicZip.dll
Native extension for WindowsStandalone target not found
Native extension for WebGL target not found
Refreshing native plugins compatible for Editor in 1.77 ms, found 3 plugins.
Preloading 0 native plugins for Editor in 0.00 ms.
Mono: successfully reloaded assembly
- Completed reload, in  1.763 seconds
Domain Reload Profiling:
	ReloadAssembly (1765ms)
		BeginReloadAssembly (182ms)
			ExecutionOrderSort (0ms)
			DisableScriptedObjects (9ms)
			BackupInstance (0ms)
			ReleaseScriptingObjects (0ms)
			CreateAndSetChildDomain (51ms)
		EndReloadAssembly (1432ms)
			LoadAssemblies (118ms)
			RebuildTransferFunctionScriptingTraits (0ms)
			SetupTypeCache (403ms)
			ReleaseScriptCaches (3ms)
			RebuildScriptCaches (94ms)
			SetupLoadedEditorAssemblies (661ms)
				LogAssemblyErrors (0ms)
				InitializePlatformSupportModulesInManaged (25ms)
				SetLoadedEditorAssemblies (1ms)
				RefreshPlugins (2ms)
				BeforeProcessingInitializeOnLoad (126ms)
				ProcessInitializeOnLoadAttributes (360ms)
				ProcessInitializeOnLoadMethodAttributes (130ms)
				AfterProcessingInitializeOnLoad (17ms)
				EditorAssembliesLoaded (0ms)
			ExecutionOrderSort2 (0ms)
			AwakeInstancesAfterBackupRestoration (37ms)
Platform modules already initialized, skipping
Refreshing native plugins compatible for Editor in 3.87 ms, found 3 plugins.
Preloading 0 native plugins for Editor in 0.00 ms.
Unloading 4591 Unused Serialized files (Serialized files now loaded: 0)
Unloading 21 unused Assets / (309.9 KB). Loaded Objects now: 5445.
Memory consumption went from 194.5 MB to 194.2 MB.
Total: 5.112100 ms (FindLiveObjects: 0.510900 ms CreateObjectMapping: 0.294500 ms MarkObjects: 4.220300 ms  DeleteObjects: 0.085500 ms)

AssetImportParameters requested are different than current active one (requested -> active):
  custom:video-decoder-ogg-theora: a1e56fd34408186e4bbccfd4996cb3dc -> 
  custom:container-muxer-webm: aa71ff27fc2769a1b78a27578f13a17b -> 
  custom:container-demuxer-webm: 4f35f7cbe854078d1ac9338744f61a02 -> 
  custom:video-encoder-webm-vp8: eb34c28f22e8b96e1ab97ce403110664 -> 
  custom:audio-encoder-webm-vorbis: bf7c407c2cedff20999df2af8eb42d56 -> 
  custom:framework-win-MediaFoundation: 216162199b28c13a410421893ffa2e32 -> 
  custom:container-demuxer-ogg: 62fdf1f143b41e24485cea50d1cbac27 -> 
  custom:video-decoder-webm-vp8: 9c59270c3fd7afecdb556c50c9e8de78 -> 
  custom:audio-decoder-ogg-vorbis: bf7c407c2cedff20999df2af8eb42d56 -> 
========================================================================
Received Prepare
Registering precompiled user dll's ...
Registered in 0.008009 seconds.
Begin MonoManager ReloadAssembly
Symbol file LoadedFromMemory doesn't match image C:\SloydGameJam\OurProject\Library\PackageCache\com.unity.visualscripting@1.8.0\Editor\VisualScripting.Core\Dependencies\YamlDotNet\Unity.VisualScripting.YamlDotNet.dll
Symbol file LoadedFromMemory doesn't match image C:\SloydGameJam\OurProject\Library\PackageCache\com.unity.visualscripting@1.8.0\Editor\VisualScripting.Core\Dependencies\DotNetZip\Unity.VisualScripting.IonicZip.dll
Native extension for WindowsStandalone target not found
Native extension for WebGL target not found
Refreshing native plugins compatible for Editor in 1.16 ms, found 3 plugins.
Preloading 0 native plugins for Editor in 0.00 ms.
Mono: successfully reloaded assembly
- Completed reload, in  1.668 seconds
Domain Reload Profiling:
	ReloadAssembly (1670ms)
		BeginReloadAssembly (163ms)
			ExecutionOrderSort (0ms)
			DisableScriptedObjects (7ms)
			BackupInstance (0ms)
			ReleaseScriptingObjects (0ms)
			CreateAndSetChildDomain (47ms)
		EndReloadAssembly (1371ms)
			LoadAssemblies (113ms)
			RebuildTransferFunctionScriptingTraits (0ms)
			SetupTypeCache (358ms)
			ReleaseScriptCaches (2ms)
			RebuildScriptCaches (63ms)
			SetupLoadedEditorAssemblies (680ms)
				LogAssemblyErrors (0ms)
				InitializePlatformSupportModulesInManaged (27ms)
				SetLoadedEditorAssemblies (1ms)
				RefreshPlugins (1ms)
				BeforeProcessingInitializeOnLoad (128ms)
				ProcessInitializeOnLoadAttributes (370ms)
				ProcessInitializeOnLoadMethodAttributes (137ms)
				AfterProcessingInitializeOnLoad (15ms)
				EditorAssembliesLoaded (0ms)
			ExecutionOrderSort2 (0ms)
			AwakeInstancesAfterBackupRestoration (37ms)
Platform modules already initialized, skipping
Refreshing native plugins compatible for Editor in 5.09 ms, found 3 plugins.
Preloading 0 native plugins for Editor in 0.00 ms.
Unloading 4591 Unused Serialized files (Serialized files now loaded: 0)
Unloading 21 unused Assets / (309.9 KB). Loaded Objects now: 5448.
Memory consumption went from 194.5 MB to 194.2 MB.
Total: 4.477400 ms (FindLiveObjects: 0.455700 ms CreateObjectMapping: 0.271100 ms MarkObjects: 3.660900 ms  DeleteObjects: 0.088600 ms)

AssetImportParameters requested are different than current active one (requested -> active):
  custom:video-decoder-ogg-theora: a1e56fd34408186e4bbccfd4996cb3dc -> 
  custom:container-muxer-webm: aa71ff27fc2769a1b78a27578f13a17b -> 
  custom:container-demuxer-webm: 4f35f7cbe854078d1ac9338744f61a02 -> 
  custom:video-encoder-webm-vp8: eb34c28f22e8b96e1ab97ce403110664 -> 
  custom:audio-encoder-webm-vorbis: bf7c407c2cedff20999df2af8eb42d56 -> 
  custom:framework-win-MediaFoundation: 216162199b28c13a410421893ffa2e32 -> 
  custom:container-demuxer-ogg: 62fdf1f143b41e24485cea50d1cbac27 -> 
  custom:video-decoder-webm-vp8: 9c59270c3fd7afecdb556c50c9e8de78 -> 
  custom:audio-decoder-ogg-vorbis: bf7c407c2cedff20999df2af8eb42d56 -> 
