Using pre-set license
Built from '2021.3/staging' branch; Version is '2021.3.18f1 (3129e69bc0c7) revision 3221990'; Using compiler version '192829333'; Build Type 'Release'
OS: 'Windows 10  (10.0.19045) 64bit Professional' Language: 'hu' Physical Memory: 8142 MB
BatchMode: 1, IsHumanControllingUs: 0, StartBugReporterOnCrash: 0, Is64bit: 1, IsPro: 1

COMMAND LINE ARGUMENTS:
C:\Program Files\Unity\Hub\Editor\2021.3.18f1\Editor\Unity.exe
-adb2
-batchMode
-noUpm
-name
AssetImportWorker11
-projectPath
C:/SloydGameJam/OurProject
-logFile
Logs/AssetImportWorker11.log
-srvPort
59386
Successfully changed project path to: C:/SloydGameJam/OurProject
C:/SloydGameJam/OurProject
[UnityMemory] Configuration Parameters - Can be set up in boot.config
    "memorysetup-bucket-allocator-granularity=16"
    "memorysetup-bucket-allocator-bucket-count=8"
    "memorysetup-bucket-allocator-block-size=33554432"
    "memorysetup-bucket-allocator-block-count=8"
    "memorysetup-main-allocator-block-size=16777216"
    "memorysetup-thread-allocator-block-size=16777216"
    "memorysetup-gfx-main-allocator-block-size=16777216"
    "memorysetup-gfx-thread-allocator-block-size=16777216"
    "memorysetup-cache-allocator-block-size=4194304"
    "memorysetup-typetree-allocator-block-size=2097152"
    "memorysetup-profiler-bucket-allocator-granularity=16"
    "memorysetup-profiler-bucket-allocator-bucket-count=8"
    "memorysetup-profiler-bucket-allocator-block-size=33554432"
    "memorysetup-profiler-bucket-allocator-block-count=8"
    "memorysetup-profiler-allocator-block-size=16777216"
    "memorysetup-profiler-editor-allocator-block-size=1048576"
    "memorysetup-temp-allocator-size-main=16777216"
    "memorysetup-job-temp-allocator-block-size=2097152"
    "memorysetup-job-temp-allocator-block-size-background=1048576"
    "memorysetup-job-temp-allocator-reduction-small-platforms=262144"
    "memorysetup-temp-allocator-size-background-worker=32768"
    "memorysetup-temp-allocator-size-job-worker=262144"
    "memorysetup-temp-allocator-size-preload-manager=33554432"
    "memorysetup-temp-allocator-size-nav-mesh-worker=65536"
    "memorysetup-temp-allocator-size-audio-worker=65536"
    "memorysetup-temp-allocator-size-cloud-worker=32768"
    "memorysetup-temp-allocator-size-gi-baking-worker=262144"
    "memorysetup-temp-allocator-size-gfx=262144"
Player connection [7236] Host "[IP] 192.168.0.106 [Port] 0 [Flags] 2 [Guid] 58620322 [EditorId] 58620322 [Version] 1048832 [Id] WindowsEditor(7,DESKTOP-UUETVTQ) [Debug] 1 [PackageName] WindowsEditor [ProjectName] Editor" joined multi-casting on [225.0.0.222:54997]...

Player connection [7236] Host "[IP] 192.168.0.106 [Port] 0 [Flags] 2 [Guid] 58620322 [EditorId] 58620322 [Version] 1048832 [Id] WindowsEditor(7,DESKTOP-UUETVTQ) [Debug] 1 [PackageName] WindowsEditor [ProjectName] Editor" joined alternative multi-casting on [225.0.0.222:34997]...

Refreshing native plugins compatible for Editor in 144.13 ms, found 3 plugins.
Preloading 0 native plugins for Editor in 0.00 ms.
Initialize engine version: 2021.3.18f1 (3129e69bc0c7)
[Subsystems] Discovering subsystems at path C:/Program Files/Unity/Hub/Editor/2021.3.18f1/Editor/Data/Resources/UnitySubsystems
[Subsystems] Discovering subsystems at path C:/SloydGameJam/OurProject/Assets
GfxDevice: creating device client; threaded=0; jobified=0
Direct3D:
    Version:  Direct3D 11.0 [level 11.0]
    Renderer: NVIDIA Quadro K4200 (ID=0x11b4)
    Vendor:   NVIDIA
    VRAM:     4052 MB
    Driver:   30.0.14.7381
Initialize mono
Mono path[0] = 'C:/Program Files/Unity/Hub/Editor/2021.3.18f1/Editor/Data/Managed'
Mono path[1] = 'C:/Program Files/Unity/Hub/Editor/2021.3.18f1/Editor/Data/MonoBleedingEdge/lib/mono/unityjit-win32'
Mono config path = 'C:/Program Files/Unity/Hub/Editor/2021.3.18f1/Editor/Data/MonoBleedingEdge/etc'
Using monoOptions --debugger-agent=transport=dt_socket,embedding=1,server=y,suspend=n,address=127.0.0.1:56252
Begin MonoManager ReloadAssembly
Registering precompiled unity dll's ...
Register platform support module: C:/Program Files/Unity/Hub/Editor/2021.3.18f1/Editor/Data/PlaybackEngines/WebGLSupport/UnityEditor.WebGL.Extensions.dll
Register platform support module: C:/Program Files/Unity/Hub/Editor/2021.3.18f1/Editor/Data/PlaybackEngines/WindowsStandaloneSupport/UnityEditor.WindowsStandalone.Extensions.dll
Registered in 0.010943 seconds.
Native extension for WindowsStandalone target not found
Native extension for WebGL target not found
Refreshing native plugins compatible for Editor in 118.47 ms, found 3 plugins.
Preloading 0 native plugins for Editor in 0.00 ms.
Mono: successfully reloaded assembly
- Completed reload, in  0.915 seconds
Domain Reload Profiling:
	ReloadAssembly (916ms)
		BeginReloadAssembly (93ms)
			ExecutionOrderSort (0ms)
			DisableScriptedObjects (0ms)
			BackupInstance (0ms)
			ReleaseScriptingObjects (0ms)
			CreateAndSetChildDomain (1ms)
		EndReloadAssembly (672ms)
			LoadAssemblies (90ms)
			RebuildTransferFunctionScriptingTraits (0ms)
			SetupTypeCache (142ms)
			ReleaseScriptCaches (0ms)
			RebuildScriptCaches (36ms)
			SetupLoadedEditorAssemblies (360ms)
				LogAssemblyErrors (0ms)
				InitializePlatformSupportModulesInManaged (12ms)
				SetLoadedEditorAssemblies (0ms)
				RefreshPlugins (119ms)
				BeforeProcessingInitializeOnLoad (1ms)
				ProcessInitializeOnLoadAttributes (174ms)
				ProcessInitializeOnLoadMethodAttributes (55ms)
				AfterProcessingInitializeOnLoad (0ms)
				EditorAssembliesLoaded (0ms)
			ExecutionOrderSort2 (0ms)
			AwakeInstancesAfterBackupRestoration (0ms)
Platform modules already initialized, skipping
Registering precompiled user dll's ...
Registered in 0.011298 seconds.
Begin MonoManager ReloadAssembly
Symbol file LoadedFromMemory doesn't match image C:\SloydGameJam\OurProject\Library\PackageCache\com.unity.visualscripting@1.8.0\Editor\VisualScripting.Core\Dependencies\YamlDotNet\Unity.VisualScripting.YamlDotNet.dll
Symbol file LoadedFromMemory doesn't match image C:\SloydGameJam\OurProject\Library\PackageCache\com.unity.visualscripting@1.8.0\Editor\VisualScripting.Core\Dependencies\DotNetZip\Unity.VisualScripting.IonicZip.dll
Native extension for WindowsStandalone target not found
Native extension for WebGL target not found
Refreshing native plugins compatible for Editor in 123.28 ms, found 3 plugins.
Preloading 0 native plugins for Editor in 0.00 ms.
Mono: successfully reloaded assembly
- Completed reload, in  1.568 seconds
Domain Reload Profiling:
	ReloadAssembly (1569ms)
		BeginReloadAssembly (143ms)
			ExecutionOrderSort (0ms)
			DisableScriptedObjects (7ms)
			BackupInstance (0ms)
			ReleaseScriptingObjects (0ms)
			CreateAndSetChildDomain (24ms)
		EndReloadAssembly (1260ms)
			LoadAssemblies (114ms)
			RebuildTransferFunctionScriptingTraits (0ms)
			SetupTypeCache (353ms)
			ReleaseScriptCaches (1ms)
			RebuildScriptCaches (74ms)
			SetupLoadedEditorAssemblies (671ms)
				LogAssemblyErrors (0ms)
				InitializePlatformSupportModulesInManaged (8ms)
				SetLoadedEditorAssemblies (0ms)
				RefreshPlugins (123ms)
				BeforeProcessingInitializeOnLoad (129ms)
				ProcessInitializeOnLoadAttributes (300ms)
				ProcessInitializeOnLoadMethodAttributes (98ms)
				AfterProcessingInitializeOnLoad (12ms)
				EditorAssembliesLoaded (0ms)
			ExecutionOrderSort2 (0ms)
			AwakeInstancesAfterBackupRestoration (9ms)
Platform modules already initialized, skipping
========================================================================
Worker process is ready to serve import requests
Launched and connected shader compiler UnityShaderCompiler.exe after 0.05 seconds
Refreshing native plugins compatible for Editor in 0.94 ms, found 3 plugins.
Preloading 0 native plugins for Editor in 0.00 ms.
Unloading 4710 Unused Serialized files (Serialized files now loaded: 0)
Unloading 28 unused Assets / (348.8 KB). Loaded Objects now: 5172.
Memory consumption went from 189.8 MB to 189.5 MB.
Total: 4.432500 ms (FindLiveObjects: 0.462000 ms CreateObjectMapping: 0.637900 ms MarkObjects: 3.154600 ms  DeleteObjects: 0.177200 ms)

AssetImportParameters requested are different than current active one (requested -> active):
  custom:video-decoder-ogg-theora: a1e56fd34408186e4bbccfd4996cb3dc -> 
  custom:container-muxer-webm: aa71ff27fc2769a1b78a27578f13a17b -> 
  custom:container-demuxer-webm: 4f35f7cbe854078d1ac9338744f61a02 -> 
  custom:video-encoder-webm-vp8: eb34c28f22e8b96e1ab97ce403110664 -> 
  custom:audio-encoder-webm-vorbis: bf7c407c2cedff20999df2af8eb42d56 -> 
  custom:framework-win-MediaFoundation: 216162199b28c13a410421893ffa2e32 -> 
  custom:container-demuxer-ogg: 62fdf1f143b41e24485cea50d1cbac27 -> 
  custom:video-decoder-webm-vp8: 9c59270c3fd7afecdb556c50c9e8de78 -> 
  custom:audio-decoder-ogg-vorbis: bf7c407c2cedff20999df2af8eb42d56 -> 
========================================================================
Received Import Request.
  Time since last request: 1819354.760992 seconds.
  path: Assets/Materials/New Material 1.mat
  artifactKey: Guid(c5dd3d9d0635f2942b1180781dedd135) Importer(815301076,1909f56bfc062723c751e8b465ee728b)
Start importing Assets/Materials/New Material 1.mat using Guid(c5dd3d9d0635f2942b1180781dedd135) Importer(815301076,1909f56bfc062723c751e8b465ee728b)  -> (artifact id: 'f91dbed1931610541a557b2f2ec04210') in 0.344343 seconds 
========================================================================
Received Import Request.
  Time since last request: 19.412253 seconds.
  path: Assets/Materials/Water.mat
  artifactKey: Guid(c5dd3d9d0635f2942b1180781dedd135) Importer(815301076,1909f56bfc062723c751e8b465ee728b)
Start importing Assets/Materials/Water.mat using Guid(c5dd3d9d0635f2942b1180781dedd135) Importer(815301076,1909f56bfc062723c751e8b465ee728b)  -> (artifact id: '94e080b6b1ff0d78416ad6fd29faf6df') in 0.018413 seconds 
========================================================================
Received Prepare
Registering precompiled user dll's ...
Registered in 0.008052 seconds.
Begin MonoManager ReloadAssembly
Symbol file LoadedFromMemory doesn't match image C:\SloydGameJam\OurProject\Library\PackageCache\com.unity.visualscripting@1.8.0\Editor\VisualScripting.Core\Dependencies\YamlDotNet\Unity.VisualScripting.YamlDotNet.dll
Symbol file LoadedFromMemory doesn't match image C:\SloydGameJam\OurProject\Library\PackageCache\com.unity.visualscripting@1.8.0\Editor\VisualScripting.Core\Dependencies\DotNetZip\Unity.VisualScripting.IonicZip.dll
Native extension for WindowsStandalone target not found
Native extension for WebGL target not found
Refreshing native plugins compatible for Editor in 1.50 ms, found 3 plugins.
Preloading 0 native plugins for Editor in 0.00 ms.
Mono: successfully reloaded assembly
- Completed reload, in  1.695 seconds
Domain Reload Profiling:
	ReloadAssembly (1696ms)
		BeginReloadAssembly (172ms)
			ExecutionOrderSort (0ms)
			DisableScriptedObjects (9ms)
			BackupInstance (0ms)
			ReleaseScriptingObjects (0ms)
			CreateAndSetChildDomain (53ms)
		EndReloadAssembly (1383ms)
			LoadAssemblies (108ms)
			RebuildTransferFunctionScriptingTraits (0ms)
			SetupTypeCache (415ms)
			ReleaseScriptCaches (2ms)
			RebuildScriptCaches (70ms)
			SetupLoadedEditorAssemblies (635ms)
				LogAssemblyErrors (0ms)
				InitializePlatformSupportModulesInManaged (23ms)
				SetLoadedEditorAssemblies (1ms)
				RefreshPlugins (2ms)
				BeforeProcessingInitializeOnLoad (121ms)
				ProcessInitializeOnLoadAttributes (346ms)
				ProcessInitializeOnLoadMethodAttributes (129ms)
				AfterProcessingInitializeOnLoad (13ms)
				EditorAssembliesLoaded (0ms)
			ExecutionOrderSort2 (0ms)
			AwakeInstancesAfterBackupRestoration (39ms)
Platform modules already initialized, skipping
Refreshing native plugins compatible for Editor in 2.49 ms, found 3 plugins.
Preloading 0 native plugins for Editor in 0.00 ms.
Unloading 4591 Unused Serialized files (Serialized files now loaded: 0)
Unloading 21 unused Assets / (309.9 KB). Loaded Objects now: 5267.
Memory consumption went from 188.0 MB to 187.7 MB.
Total: 4.085200 ms (FindLiveObjects: 0.403600 ms CreateObjectMapping: 0.383900 ms MarkObjects: 3.218300 ms  DeleteObjects: 0.078300 ms)

AssetImportParameters requested are different than current active one (requested -> active):
  custom:video-decoder-ogg-theora: a1e56fd34408186e4bbccfd4996cb3dc -> 
  custom:container-muxer-webm: aa71ff27fc2769a1b78a27578f13a17b -> 
  custom:container-demuxer-webm: 4f35f7cbe854078d1ac9338744f61a02 -> 
  custom:video-encoder-webm-vp8: eb34c28f22e8b96e1ab97ce403110664 -> 
  custom:audio-encoder-webm-vorbis: bf7c407c2cedff20999df2af8eb42d56 -> 
  custom:framework-win-MediaFoundation: 216162199b28c13a410421893ffa2e32 -> 
  custom:container-demuxer-ogg: 62fdf1f143b41e24485cea50d1cbac27 -> 
  custom:video-decoder-webm-vp8: 9c59270c3fd7afecdb556c50c9e8de78 -> 
  custom:audio-decoder-ogg-vorbis: bf7c407c2cedff20999df2af8eb42d56 -> 
========================================================================
Received Prepare
Registering precompiled user dll's ...
Registered in 0.008751 seconds.
Begin MonoManager ReloadAssembly
Symbol file LoadedFromMemory doesn't match image C:\SloydGameJam\OurProject\Library\PackageCache\com.unity.visualscripting@1.8.0\Editor\VisualScripting.Core\Dependencies\YamlDotNet\Unity.VisualScripting.YamlDotNet.dll
Symbol file LoadedFromMemory doesn't match image C:\SloydGameJam\OurProject\Library\PackageCache\com.unity.visualscripting@1.8.0\Editor\VisualScripting.Core\Dependencies\DotNetZip\Unity.VisualScripting.IonicZip.dll
Native extension for WindowsStandalone target not found
Native extension for WebGL target not found
Refreshing native plugins compatible for Editor in 1.04 ms, found 3 plugins.
Preloading 0 native plugins for Editor in 0.00 ms.
Mono: successfully reloaded assembly
- Completed reload, in  1.762 seconds
Domain Reload Profiling:
	ReloadAssembly (1763ms)
		BeginReloadAssembly (163ms)
			ExecutionOrderSort (0ms)
			DisableScriptedObjects (7ms)
			BackupInstance (0ms)
			ReleaseScriptingObjects (0ms)
			CreateAndSetChildDomain (44ms)
		EndReloadAssembly (1452ms)
			LoadAssemblies (109ms)
			RebuildTransferFunctionScriptingTraits (0ms)
			SetupTypeCache (437ms)
			ReleaseScriptCaches (3ms)
			RebuildScriptCaches (78ms)
			SetupLoadedEditorAssemblies (657ms)
				LogAssemblyErrors (0ms)
				InitializePlatformSupportModulesInManaged (24ms)
				SetLoadedEditorAssemblies (1ms)
				RefreshPlugins (1ms)
				BeforeProcessingInitializeOnLoad (125ms)
				ProcessInitializeOnLoadAttributes (358ms)
				ProcessInitializeOnLoadMethodAttributes (132ms)
				AfterProcessingInitializeOnLoad (15ms)
				EditorAssembliesLoaded (0ms)
			ExecutionOrderSort2 (0ms)
			AwakeInstancesAfterBackupRestoration (34ms)
Platform modules already initialized, skipping
Refreshing native plugins compatible for Editor in 3.37 ms, found 3 plugins.
Preloading 0 native plugins for Editor in 0.00 ms.
Unloading 4591 Unused Serialized files (Serialized files now loaded: 0)
Unloading 21 unused Assets / (309.9 KB). Loaded Objects now: 5270.
Memory consumption went from 188.0 MB to 187.7 MB.
Total: 6.348800 ms (FindLiveObjects: 0.901500 ms CreateObjectMapping: 0.867200 ms MarkObjects: 4.490300 ms  DeleteObjects: 0.088700 ms)

AssetImportParameters requested are different than current active one (requested -> active):
  custom:video-decoder-ogg-theora: a1e56fd34408186e4bbccfd4996cb3dc -> 
  custom:container-muxer-webm: aa71ff27fc2769a1b78a27578f13a17b -> 
  custom:container-demuxer-webm: 4f35f7cbe854078d1ac9338744f61a02 -> 
  custom:video-encoder-webm-vp8: eb34c28f22e8b96e1ab97ce403110664 -> 
  custom:audio-encoder-webm-vorbis: bf7c407c2cedff20999df2af8eb42d56 -> 
  custom:framework-win-MediaFoundation: 216162199b28c13a410421893ffa2e32 -> 
  custom:container-demuxer-ogg: 62fdf1f143b41e24485cea50d1cbac27 -> 
  custom:video-decoder-webm-vp8: 9c59270c3fd7afecdb556c50c9e8de78 -> 
  custom:audio-decoder-ogg-vorbis: bf7c407c2cedff20999df2af8eb42d56 -> 
========================================================================
Received Import Request.
  Time since last request: 215.475983 seconds.
  path: Assets/Scenes/OutsideSettings.lighting
  artifactKey: Guid(24fcd455484c0154eaa6a97770c1b662) Importer(815301076,1909f56bfc062723c751e8b465ee728b)
Start importing Assets/Scenes/OutsideSettings.lighting using Guid(24fcd455484c0154eaa6a97770c1b662) Importer(815301076,1909f56bfc062723c751e8b465ee728b) LightingSettings: switching bake backend from 1 to 0.
 -> (artifact id: '14ade9ce16a2912395f71403917ac040') in 0.034568 seconds 
========================================================================
Received Import Request.
  Time since last request: 29.648861 seconds.
  path: Assets/Horror
  artifactKey: Guid(238fa41e36237544cade7a1c5f632343) Importer(815301076,1909f56bfc062723c751e8b465ee728b)
Start importing Assets/Horror using Guid(238fa41e36237544cade7a1c5f632343) Importer(815301076,1909f56bfc062723c751e8b465ee728b)  -> (artifact id: 'd958c881df9b795fe17ff9c73fcc5a32') in 0.008502 seconds 
========================================================================
Received Import Request.
  Time since last request: 30.029113 seconds.
  path: Assets/Horror/New Terrain 2.asset
  artifactKey: Guid(759314c8bf395434a87fdca6f082e6ad) Importer(815301076,1909f56bfc062723c751e8b465ee728b)
Start importing Assets/Horror/New Terrain 2.asset using Guid(759314c8bf395434a87fdca6f082e6ad) Importer(815301076,1909f56bfc062723c751e8b465ee728b)  -> (artifact id: 'c99aa3881a5981d591bcb8fbf3fd4ad3') in 0.294784 seconds 
========================================================================
Received Import Request.
  Time since last request: 3.161990 seconds.
  path: Assets/Horror/Scenes
  artifactKey: Guid(6af8f8557d4805740a8713674ae1cab3) Importer(815301076,1909f56bfc062723c751e8b465ee728b)
Start importing Assets/Horror/Scenes using Guid(6af8f8557d4805740a8713674ae1cab3) Importer(815301076,1909f56bfc062723c751e8b465ee728b)  -> (artifact id: '04cfea260f8672cdb21552f8ba70ad01') in 0.009042 seconds 
========================================================================
Received Import Request.
  Time since last request: 0.967597 seconds.
  path: Assets/Horror/Scenes/Inside.unity
  artifactKey: Guid(5240373715e6c6546adfc7c815e56429) Importer(815301076,1909f56bfc062723c751e8b465ee728b)
Start importing Assets/Horror/Scenes/Inside.unity using Guid(5240373715e6c6546adfc7c815e56429) Importer(815301076,1909f56bfc062723c751e8b465ee728b)  -> (artifact id: 'af8d14c58d450e6b58b6800c2adf79d8') in 0.007667 seconds 
========================================================================
Received Import Request.
  Time since last request: 0.613297 seconds.
  path: Assets/Horror/Scenes/Outside.unity
  artifactKey: Guid(fd9ef0b226881be48aedccb3f8528538) Importer(815301076,1909f56bfc062723c751e8b465ee728b)
Start importing Assets/Horror/Scenes/Outside.unity using Guid(fd9ef0b226881be48aedccb3f8528538) Importer(815301076,1909f56bfc062723c751e8b465ee728b)  -> (artifact id: '65cb81290db1fb3bfaf054ac5664cbaa') in 0.007746 seconds 
========================================================================
Received Import Request.
  Time since last request: 48.560848 seconds.
  path: Assets/Scenes/Sleep.unity
  artifactKey: Guid(3b89508fc1dd3914198cad8fc631d76e) Importer(815301076,1909f56bfc062723c751e8b465ee728b)
Start importing Assets/Scenes/Sleep.unity using Guid(3b89508fc1dd3914198cad8fc631d76e) Importer(815301076,1909f56bfc062723c751e8b465ee728b)  -> (artifact id: '4a645ac8e1bb46106068beef7c8021c6') in 0.009256 seconds 
========================================================================
Received Import Request.
  Time since last request: 36.919218 seconds.
  path: Assets/Scenes/OpenWorldScene.unity
  artifactKey: Guid(99c9720ab356a0642a771bea13969a05) Importer(815301076,1909f56bfc062723c751e8b465ee728b)
Start importing Assets/Scenes/OpenWorldScene.unity using Guid(99c9720ab356a0642a771bea13969a05) Importer(815301076,1909f56bfc062723c751e8b465ee728b)  -> (artifact id: 'b9fa337515887d6ecd6d709a5febd882') in 0.009111 seconds 
========================================================================
Received Import Request.
  Time since last request: 104.018889 seconds.
  path: Assets/Textures
  artifactKey: Guid(fb2858dba06ad034280d6df67a7673be) Importer(815301076,1909f56bfc062723c751e8b465ee728b)
Start importing Assets/Textures using Guid(fb2858dba06ad034280d6df67a7673be) Importer(815301076,1909f56bfc062723c751e8b465ee728b)  -> (artifact id: '01105873671afc9423cfae99cd8bcd68') in 0.008270 seconds 
========================================================================
Received Import Request.
  Time since last request: 117.426889 seconds.
  path: Assets/Horror/Materials
  artifactKey: Guid(86d4920fc7830ba48b2fc0eae9876907) Importer(815301076,1909f56bfc062723c751e8b465ee728b)
Start importing Assets/Horror/Materials using Guid(86d4920fc7830ba48b2fc0eae9876907) Importer(815301076,1909f56bfc062723c751e8b465ee728b)  -> (artifact id: '0dcd909f19645de405f01c79bd2354b5') in 0.009471 seconds 
========================================================================
Received Import Request.
  Time since last request: 0.520383 seconds.
  path: Assets/Horror/Materials/_Beige_1.mat
  artifactKey: Guid(2abf47f57f04a934982ef790120f39d6) Importer(815301076,1909f56bfc062723c751e8b465ee728b)
Start importing Assets/Horror/Materials/_Beige_1.mat using Guid(2abf47f57f04a934982ef790120f39d6) Importer(815301076,1909f56bfc062723c751e8b465ee728b)  -> (artifact id: 'c9f688ae947aebe07426f69e3744cf7e') in 0.289494 seconds 
========================================================================
Received Import Request.
  Time since last request: 0.000037 seconds.
  path: Assets/Horror/Materials/Carpet_Pattern_Squares_Multi.mat
  artifactKey: Guid(3ec6da2b3735c434dbff94fa1edbd144) Importer(815301076,1909f56bfc062723c751e8b465ee728b)
Start importing Assets/Horror/Materials/Carpet_Pattern_Squares_Multi.mat using Guid(3ec6da2b3735c434dbff94fa1edbd144) Importer(815301076,1909f56bfc062723c751e8b465ee728b)  -> (artifact id: '480c5c410aee88dc5d37306a35d42164') in 0.031977 seconds 
========================================================================
Received Import Request.
  Time since last request: 0.000051 seconds.
  path: Assets/Horror/Materials/Wood_Cherry_Original.mat
  artifactKey: Guid(b0b44c9d500d14f49b0da04360c172a4) Importer(815301076,1909f56bfc062723c751e8b465ee728b)
Start importing Assets/Horror/Materials/Wood_Cherry_Original.mat using Guid(b0b44c9d500d14f49b0da04360c172a4) Importer(815301076,1909f56bfc062723c751e8b465ee728b)  -> (artifact id: 'c2c62c92c41cb465378b992aada69bad') in 0.016959 seconds 
========================================================================
Received Import Request.
  Time since last request: 0.000035 seconds.
  path: Assets/Horror/Materials/Flashlight.mat
  artifactKey: Guid(aa4a1c78973228c41be3b05d46db20b3) Importer(815301076,1909f56bfc062723c751e8b465ee728b)
Start importing Assets/Horror/Materials/Flashlight.mat using Guid(aa4a1c78973228c41be3b05d46db20b3) Importer(815301076,1909f56bfc062723c751e8b465ee728b)  -> (artifact id: 'ccc348d7cae79483ecca5c7bcf016c8a') in 0.016106 seconds 
========================================================================
Received Import Request.
  Time since last request: 0.000038 seconds.
  path: Assets/Horror/Materials/Wood_OSB.mat
  artifactKey: Guid(1e0f314c876c96241b018f964e1d4376) Importer(815301076,1909f56bfc062723c751e8b465ee728b)
Start importing Assets/Horror/Materials/Wood_OSB.mat using Guid(1e0f314c876c96241b018f964e1d4376) Importer(815301076,1909f56bfc062723c751e8b465ee728b)  -> (artifact id: '6c4dbd40dfa914caaa7f9e0fbc8ec2fe') in 0.018171 seconds 
========================================================================
Received Import Request.
  Time since last request: 0.000025 seconds.
  path: Assets/Horror/Materials/Tile_Travertine_2inch.mat
  artifactKey: Guid(d88a99bdde261c04781275fd35fbe817) Importer(815301076,1909f56bfc062723c751e8b465ee728b)
Start importing Assets/Horror/Materials/Tile_Travertine_2inch.mat using Guid(d88a99bdde261c04781275fd35fbe817) Importer(815301076,1909f56bfc062723c751e8b465ee728b)  -> (artifact id: '9b685909af00b237c069cb073c612db5') in 0.023950 seconds 
========================================================================
Received Import Request.
  Time since last request: 0.000034 seconds.
  path: Assets/Horror/Materials/TvScareMaterial.mat
  artifactKey: Guid(3b0a76d7a694a6a448dfe9ced13bbfa8) Importer(815301076,1909f56bfc062723c751e8b465ee728b)
Start importing Assets/Horror/Materials/TvScareMaterial.mat using Guid(3b0a76d7a694a6a448dfe9ced13bbfa8) Importer(815301076,1909f56bfc062723c751e8b465ee728b)  -> (artifact id: '25090178ac3d723a2ecece6aa8adb82d') in 0.033320 seconds 
========================================================================
Received Import Request.
  Time since last request: 0.000034 seconds.
  path: Assets/Horror/Materials/FrontColor.mat
  artifactKey: Guid(f73628332b9760f44a801588c2d74d5f) Importer(815301076,1909f56bfc062723c751e8b465ee728b)
Start importing Assets/Horror/Materials/FrontColor.mat using Guid(f73628332b9760f44a801588c2d74d5f) Importer(815301076,1909f56bfc062723c751e8b465ee728b)  -> (artifact id: 'cb9ada23c870fdafbd230498d74d91c5') in 0.018169 seconds 
========================================================================
Received Import Request.
  Time since last request: 0.000054 seconds.
  path: Assets/Horror/Materials/Wood__Floor.mat
  artifactKey: Guid(697a168bafe64ef439ea212599d24a05) Importer(815301076,1909f56bfc062723c751e8b465ee728b)
Start importing Assets/Horror/Materials/Wood__Floor.mat using Guid(697a168bafe64ef439ea212599d24a05) Importer(815301076,1909f56bfc062723c751e8b465ee728b)  -> (artifact id: '218a3f1c4b2b76991964a67adbceb37a') in 0.017438 seconds 
========================================================================
Received Import Request.
  Time since last request: 0.000037 seconds.
  path: Assets/Horror/Materials/Carpet_Plush_Charcoal.mat
  artifactKey: Guid(323b2a3e2fb0bc646bba19bc94190bb6) Importer(815301076,1909f56bfc062723c751e8b465ee728b)
Start importing Assets/Horror/Materials/Carpet_Plush_Charcoal.mat using Guid(323b2a3e2fb0bc646bba19bc94190bb6) Importer(815301076,1909f56bfc062723c751e8b465ee728b)  -> (artifact id: '02c28adb18dff172e6b3254f5b4051c4') in 0.015803 seconds 
========================================================================
Received Import Request.
  Time since last request: 0.000044 seconds.
  path: Assets/Horror/Materials/Color_006.mat
  artifactKey: Guid(0ba5aeb6412f0c64cb08b7eb2d62d57a) Importer(815301076,1909f56bfc062723c751e8b465ee728b)
Start importing Assets/Horror/Materials/Color_006.mat using Guid(0ba5aeb6412f0c64cb08b7eb2d62d57a) Importer(815301076,1909f56bfc062723c751e8b465ee728b)  -> (artifact id: 'fabb0d55a2cc6fd8c22a4d91670201ac') in 0.016570 seconds 
========================================================================
Received Import Request.
  Time since last request: 0.000031 seconds.
  path: Assets/Horror/Materials/Carpet_Diamond_Olive.mat
  artifactKey: Guid(d7ab0f2550585dc4495fc3b9ccf3a5df) Importer(815301076,1909f56bfc062723c751e8b465ee728b)
Start importing Assets/Horror/Materials/Carpet_Diamond_Olive.mat using Guid(d7ab0f2550585dc4495fc3b9ccf3a5df) Importer(815301076,1909f56bfc062723c751e8b465ee728b)  -> (artifact id: '111bc6940d09fcfc1822fa717030859f') in 0.025920 seconds 
========================================================================
Received Import Request.
  Time since last request: 0.000356 seconds.
  path: Assets/Horror/Materials/Color_004.mat
  artifactKey: Guid(3a757fda4f4a52d489776b6928e14904) Importer(815301076,1909f56bfc062723c751e8b465ee728b)
Start importing Assets/Horror/Materials/Color_004.mat using Guid(3a757fda4f4a52d489776b6928e14904) Importer(815301076,1909f56bfc062723c751e8b465ee728b)  -> (artifact id: '82ab1c3059c5af04b091e4e93c171d59') in 0.019085 seconds 
========================================================================
Received Import Request.
  Time since last request: 0.000233 seconds.
  path: Assets/Horror/Materials/Wood_Floor_Parquet.mat
  artifactKey: Guid(9c5ac0dc0b81fb24c921ca4d1baafcba) Importer(815301076,1909f56bfc062723c751e8b465ee728b)
Start importing Assets/Horror/Materials/Wood_Floor_Parquet.mat using Guid(9c5ac0dc0b81fb24c921ca4d1baafcba) Importer(815301076,1909f56bfc062723c751e8b465ee728b)  -> (artifact id: 'ad60ae5e95ed97dacdd171f447ae8509') in 0.034467 seconds 
========================================================================
Received Import Request.
  Time since last request: 0.000026 seconds.
  path: Assets/Horror/Materials/Color_002.mat
  artifactKey: Guid(6916f91c833198144bd9bfd951ab72a3) Importer(815301076,1909f56bfc062723c751e8b465ee728b)
Start importing Assets/Horror/Materials/Color_002.mat using Guid(6916f91c833198144bd9bfd951ab72a3) Importer(815301076,1909f56bfc062723c751e8b465ee728b)  -> (artifact id: 'ccfcd360c7b4e6bea229fffb63595634') in 0.015296 seconds 
========================================================================
Received Import Request.
  Time since last request: 0.000028 seconds.
  path: Assets/Horror/Materials/Cladding_Siding_Tan.mat
  artifactKey: Guid(0b336026021fe1b43a5b1b98ae7f40c7) Importer(815301076,1909f56bfc062723c751e8b465ee728b)
Start importing Assets/Horror/Materials/Cladding_Siding_Tan.mat using Guid(0b336026021fe1b43a5b1b98ae7f40c7) Importer(815301076,1909f56bfc062723c751e8b465ee728b)  -> (artifact id: '135ead054b1eba4ec4caa86fffeb6069') in 0.037657 seconds 
========================================================================
Received Import Request.
  Time since last request: 0.000044 seconds.
  path: Assets/Horror/Materials/Tile_Ceramic_Multi.mat
  artifactKey: Guid(e97d344335f6e0547b7b60d375c986e6) Importer(815301076,1909f56bfc062723c751e8b465ee728b)
Start importing Assets/Horror/Materials/Tile_Ceramic_Multi.mat using Guid(e97d344335f6e0547b7b60d375c986e6) Importer(815301076,1909f56bfc062723c751e8b465ee728b)  -> (artifact id: '5456ed7cc638d1a312a7fea50c27f384') in 0.029521 seconds 
========================================================================
Received Import Request.
  Time since last request: 0.002040 seconds.
  path: Assets/Horror/Materials/Carpet_Loop_Pattern.mat
  artifactKey: Guid(5c4b28d7c305abb40b25a2a8da6f1108) Importer(815301076,1909f56bfc062723c751e8b465ee728b)
Start importing Assets/Horror/Materials/Carpet_Loop_Pattern.mat using Guid(5c4b28d7c305abb40b25a2a8da6f1108) Importer(815301076,1909f56bfc062723c751e8b465ee728b)  -> (artifact id: '31582794539247e7cfa062f9d6ce1ba2') in 0.026474 seconds 
========================================================================
Received Import Request.
  Time since last request: 0.000023 seconds.
  path: Assets/Horror/Materials/Wood_Floor_Light.mat
  artifactKey: Guid(7b131ec2c34433241b211975b2ee2c5d) Importer(815301076,1909f56bfc062723c751e8b465ee728b)
Start importing Assets/Horror/Materials/Wood_Floor_Light.mat using Guid(7b131ec2c34433241b211975b2ee2c5d) Importer(815301076,1909f56bfc062723c751e8b465ee728b)  -> (artifact id: '62c05475b0bf6c39e17feaabd3e1d98a') in 0.034310 seconds 
========================================================================
Received Import Request.
  Time since last request: 3.102025 seconds.
  path: Assets/Horror/Textures/_Wood_Lumber_ButtJoined_1.jpg
  artifactKey: Guid(e23916ee72099e240905af8f9af145f4) Importer(815301076,1909f56bfc062723c751e8b465ee728b)
Start importing Assets/Horror/Textures/_Wood_Lumber_ButtJoined_1.jpg using Guid(e23916ee72099e240905af8f9af145f4) Importer(815301076,1909f56bfc062723c751e8b465ee728b)  -> (artifact id: '245476b740a40070519a7f88aabe5da2') in 0.035440 seconds 
========================================================================
Received Import Request.
  Time since last request: 1.245012 seconds.
  path: Assets/Horror/Textures/Blinds_Wood_Natural.jpg
  artifactKey: Guid(1b1c758b38cf4eb40ba6fd2f0a168c84) Importer(815301076,1909f56bfc062723c751e8b465ee728b)
Start importing Assets/Horror/Textures/Blinds_Wood_Natural.jpg using Guid(1b1c758b38cf4eb40ba6fd2f0a168c84) Importer(815301076,1909f56bfc062723c751e8b465ee728b)  -> (artifact id: '3d74946f24620599b451c90609db32df') in 0.019732 seconds 
========================================================================
Received Import Request.
  Time since last request: 2.808900 seconds.
  path: Assets/Horror/Materials/Key
  artifactKey: Guid(303fe5496371bc74890778fe61dae434) Importer(815301076,1909f56bfc062723c751e8b465ee728b)
Start importing Assets/Horror/Materials/Key using Guid(303fe5496371bc74890778fe61dae434) Importer(815301076,1909f56bfc062723c751e8b465ee728b)  -> (artifact id: 'cca49421a4c59a4535eabb1b619c0bd4') in 0.009908 seconds 
========================================================================
Received Import Request.
  Time since last request: 0.062115 seconds.
  path: Assets/Horror/Materials/Key/Metal_Seamed.jpg
  artifactKey: Guid(17a6e1ce2c6567d4288c67b81b0e5c7c) Importer(815301076,1909f56bfc062723c751e8b465ee728b)
Start importing Assets/Horror/Materials/Key/Metal_Seamed.jpg using Guid(17a6e1ce2c6567d4288c67b81b0e5c7c) Importer(815301076,1909f56bfc062723c751e8b465ee728b)  -> (artifact id: '61c22d2d8736f2bd8942d3d3fc3e4aed') in 0.013680 seconds 
========================================================================
Received Import Request.
  Time since last request: 23.153363 seconds.
  path: Assets/Horror/Standard Assets/Water (Basic)/Sources/Textures/nightgradient.psd
  artifactKey: Guid(8403d3349d112ba4d000be1be39e7c39) Importer(815301076,1909f56bfc062723c751e8b465ee728b)
Start importing Assets/Horror/Standard Assets/Water (Basic)/Sources/Textures/nightgradient.psd using Guid(8403d3349d112ba4d000be1be39e7c39) Importer(815301076,1909f56bfc062723c751e8b465ee728b)  -> (artifact id: 'e2299a6064bbb5d831e71142ae753cdc') in 0.018859 seconds 
========================================================================
Received Import Request.
  Time since last request: 28.429221 seconds.
  path: Assets/Horror/Prefabs/BigTree.prefab
  artifactKey: Guid(8839d70343419224b8533f1e85e0074d) Importer(815301076,1909f56bfc062723c751e8b465ee728b)
Start importing Assets/Horror/Prefabs/BigTree.prefab using Guid(8839d70343419224b8533f1e85e0074d) Importer(815301076,1909f56bfc062723c751e8b465ee728b)  -> (artifact id: '4f7f7ab307152ab7b9a10ef43a16eaba') in 0.061092 seconds 
========================================================================
Received Import Request.
  Time since last request: 156.120611 seconds.
  path: Assets/Standard Assets/Environment/TerrainAssets/SurfaceTextures/GrassHillAlbedo.psd
  artifactKey: Guid(c6e0767b1f8c34890ac245217f4b9731) Importer(815301076,1909f56bfc062723c751e8b465ee728b)
Start importing Assets/Standard Assets/Environment/TerrainAssets/SurfaceTextures/GrassHillAlbedo.psd using Guid(c6e0767b1f8c34890ac245217f4b9731) Importer(815301076,1909f56bfc062723c751e8b465ee728b)  -> (artifact id: 'bf1ad7745c6ae3e365b6027ccf42569f') in 0.024598 seconds 
========================================================================
Received Import Request.
  Time since last request: 0.000033 seconds.
  path: Assets/Standard Assets/Environment/TerrainAssets/SurfaceTextures/SandAlbedo.psd
  artifactKey: Guid(bfd675cc0db1d4656b75dc6d6ba91142) Importer(815301076,1909f56bfc062723c751e8b465ee728b)
Start importing Assets/Standard Assets/Environment/TerrainAssets/SurfaceTextures/SandAlbedo.psd using Guid(bfd675cc0db1d4656b75dc6d6ba91142) Importer(815301076,1909f56bfc062723c751e8b465ee728b)  -> (artifact id: '804fb0bce00246dc608c15681c82383b') in 0.019858 seconds 
========================================================================
Received Import Request.
  Time since last request: 12.336677 seconds.
  path: Assets/Horror/Standard Assets/Tree Creator/Sources/Textures/BigTree_bark_diffuse.jpg
  artifactKey: Guid(c0bc6ddcbdd31e04d9029ee4002a1637) Importer(815301076,1909f56bfc062723c751e8b465ee728b)
Start importing Assets/Horror/Standard Assets/Tree Creator/Sources/Textures/BigTree_bark_diffuse.jpg using Guid(c0bc6ddcbdd31e04d9029ee4002a1637) Importer(815301076,1909f56bfc062723c751e8b465ee728b)  -> (artifact id: 'ecbd3c9f8f098fba183016f2088ea638') in 0.047636 seconds 
========================================================================
Received Import Request.
  Time since last request: 0.000038 seconds.
  path: Assets/Horror/Standard Assets/Tree Creator/Sources/Textures/BigTree_leaves.psd
  artifactKey: Guid(591ae67f4dc79ca4c9309f684166bb10) Importer(815301076,1909f56bfc062723c751e8b465ee728b)
Start importing Assets/Horror/Standard Assets/Tree Creator/Sources/Textures/BigTree_leaves.psd using Guid(591ae67f4dc79ca4c9309f684166bb10) Importer(815301076,1909f56bfc062723c751e8b465ee728b)  -> (artifact id: '7ed9384697c76bcfead6ce072a465042') in 0.022170 seconds 
========================================================================
Received Import Request.
  Time since last request: 0.000041 seconds.
  path: Assets/Horror/Standard Assets/Tree Creator/Sources/Textures/BigTree_branches.psd
  artifactKey: Guid(4d069eec578bfe945b11d8b1577b34ef) Importer(815301076,1909f56bfc062723c751e8b465ee728b)
Start importing Assets/Horror/Standard Assets/Tree Creator/Sources/Textures/BigTree_branches.psd using Guid(4d069eec578bfe945b11d8b1577b34ef) Importer(815301076,1909f56bfc062723c751e8b465ee728b)  -> (artifact id: 'd7637ff98f9164756c9cb70cd74dceb2') in 0.028941 seconds 
========================================================================
Received Import Request.
  Time since last request: 0.807130 seconds.
  path: Assets/Standard Assets/Environment/SpeedTree/Broadleaf/Broadleaf_Desktop_Atlas_Specular.tga
  artifactKey: Guid(d954891cb9e58434d86e01d839ed4997) Importer(815301076,1909f56bfc062723c751e8b465ee728b)
Start importing Assets/Standard Assets/Environment/SpeedTree/Broadleaf/Broadleaf_Desktop_Atlas_Specular.tga using Guid(d954891cb9e58434d86e01d839ed4997) Importer(815301076,1909f56bfc062723c751e8b465ee728b)  -> (artifact id: '70b07a1d97bfa97cd2706e4c8f9e2a8f') in 0.048188 seconds 
========================================================================
Received Import Request.
  Time since last request: 0.351015 seconds.
  path: Assets/Standard Assets/Environment/SpeedTree/Broadleaf/Broadleaf_Mobile_Atlas_Specular.tga
  artifactKey: Guid(45cab4c9b31009748999eec1556926b3) Importer(815301076,1909f56bfc062723c751e8b465ee728b)
Start importing Assets/Standard Assets/Environment/SpeedTree/Broadleaf/Broadleaf_Mobile_Atlas_Specular.tga using Guid(45cab4c9b31009748999eec1556926b3) Importer(815301076,1909f56bfc062723c751e8b465ee728b)  -> (artifact id: 'db8593fc5f8b8cac7dcfef4a18ada098') in 0.023087 seconds 
========================================================================
Received Import Request.
  Time since last request: 0.000029 seconds.
  path: Assets/Standard Assets/Environment/SpeedTree/Broadleaf/BroadleafBark.tga
  artifactKey: Guid(2c1c27ec8c3b75a4c80a795adc9ca788) Importer(815301076,1909f56bfc062723c751e8b465ee728b)
Start importing Assets/Standard Assets/Environment/SpeedTree/Broadleaf/BroadleafBark.tga using Guid(2c1c27ec8c3b75a4c80a795adc9ca788) Importer(815301076,1909f56bfc062723c751e8b465ee728b)  -> (artifact id: '445a3e67b4c3b390e2286a8f1650be29') in 0.020144 seconds 
========================================================================
Received Import Request.
  Time since last request: 0.034341 seconds.
  path: Assets/Standard Assets/Environment/SpeedTree/Broadleaf/Broadleaves_Card_Desktop.tga
  artifactKey: Guid(ea60173ceac07334c91568c48cc765cd) Importer(815301076,1909f56bfc062723c751e8b465ee728b)
Start importing Assets/Standard Assets/Environment/SpeedTree/Broadleaf/Broadleaves_Card_Desktop.tga using Guid(ea60173ceac07334c91568c48cc765cd) Importer(815301076,1909f56bfc062723c751e8b465ee728b)  -> (artifact id: '61e9755dbdc96b402ee623ce61cca786') in 0.025989 seconds 
========================================================================
Received Import Request.
  Time since last request: 0.027314 seconds.
  path: Assets/Standard Assets/Environment/SpeedTree/Broadleaf/Broadleaves_Card_Desktop_Spec.tga
  artifactKey: Guid(6308da3d0ff986b42be3b0a6ea5b6fae) Importer(815301076,1909f56bfc062723c751e8b465ee728b)
Start importing Assets/Standard Assets/Environment/SpeedTree/Broadleaf/Broadleaves_Card_Desktop_Spec.tga using Guid(6308da3d0ff986b42be3b0a6ea5b6fae) Importer(815301076,1909f56bfc062723c751e8b465ee728b)  -> (artifact id: 'd14877b2103593f1c376b8af851baacb') in 0.025744 seconds 
========================================================================
Received Import Request.
  Time since last request: 0.402172 seconds.
  path: Assets/Standard Assets/Environment/SpeedTree/Broadleaf/Broadleaves_Desktop_Normal.tga
  artifactKey: Guid(e7b2d3eeb0a4d694792c93a8ab87e4a4) Importer(815301076,1909f56bfc062723c751e8b465ee728b)
Start importing Assets/Standard Assets/Environment/SpeedTree/Broadleaf/Broadleaves_Desktop_Normal.tga using Guid(e7b2d3eeb0a4d694792c93a8ab87e4a4) Importer(815301076,1909f56bfc062723c751e8b465ee728b)  -> (artifact id: '6e5672d4c4c15591bcec45b0665d5b72') in 0.036125 seconds 
========================================================================
Received Import Request.
  Time since last request: 0.000029 seconds.
  path: Assets/Standard Assets/Environment/SpeedTree/Broadleaf/Broadleaves_Mobile_Normal.tga
  artifactKey: Guid(7bdd8cb386e0b554b84cb783663bb4fc) Importer(815301076,1909f56bfc062723c751e8b465ee728b)
Start importing Assets/Standard Assets/Environment/SpeedTree/Broadleaf/Broadleaves_Mobile_Normal.tga using Guid(7bdd8cb386e0b554b84cb783663bb4fc) Importer(815301076,1909f56bfc062723c751e8b465ee728b)  -> (artifact id: '109f00fe951a204e773fa507a7307347') in 0.037912 seconds 
========================================================================
Received Import Request.
  Time since last request: 0.307258 seconds.
  path: Assets/Standard Assets/Environment/SpeedTree/Broadleaf/Broadleaves_Mobile_Spec.tga
  artifactKey: Guid(db2f1c62933fa1745a9eb8479b15698b) Importer(815301076,1909f56bfc062723c751e8b465ee728b)
Start importing Assets/Standard Assets/Environment/SpeedTree/Broadleaf/Broadleaves_Mobile_Spec.tga using Guid(db2f1c62933fa1745a9eb8479b15698b) Importer(815301076,1909f56bfc062723c751e8b465ee728b)  -> (artifact id: '40d5c10668a1022ab312fbeab09c6d94') in 0.035515 seconds 
========================================================================
Received Import Request.
  Time since last request: 0.028641 seconds.
  path: Packages/com.unity.textmeshpro/Editor Resources/Textures/btn_AlignBaseLine_Light.psd
  artifactKey: Guid(18775b51e3bd42299fd30bd036ea982f) Importer(815301076,1909f56bfc062723c751e8b465ee728b)
Start importing Packages/com.unity.textmeshpro/Editor Resources/Textures/btn_AlignBaseLine_Light.psd using Guid(18775b51e3bd42299fd30bd036ea982f) Importer(815301076,1909f56bfc062723c751e8b465ee728b)  -> (artifact id: 'f0d09d8f1747c83610b50fda16c15a2d') in 0.050234 seconds 
========================================================================
Received Import Request.
  Time since last request: 0.000044 seconds.
  path: Packages/com.unity.textmeshpro/Editor Resources/Textures/btn_AlignCenter.psd
  artifactKey: Guid(81ed8c76d2bc4a4c95d092c98af4e58f) Importer(815301076,1909f56bfc062723c751e8b465ee728b)
Start importing Packages/com.unity.textmeshpro/Editor Resources/Textures/btn_AlignCenter.psd using Guid(81ed8c76d2bc4a4c95d092c98af4e58f) Importer(815301076,1909f56bfc062723c751e8b465ee728b)  -> (artifact id: 'da92b3a5c4c3c1ef2daec3b36852aefa') in 0.028011 seconds 
========================================================================
Received Import Request.
  Time since last request: 0.000031 seconds.
  path: Packages/com.unity.textmeshpro/Editor Resources/Textures/btn_AlignCapLine_Light.psd
  artifactKey: Guid(49679f302ac6408697f6b9314a38985c) Importer(815301076,1909f56bfc062723c751e8b465ee728b)
Start importing Packages/com.unity.textmeshpro/Editor Resources/Textures/btn_AlignCapLine_Light.psd using Guid(49679f302ac6408697f6b9314a38985c) Importer(815301076,1909f56bfc062723c751e8b465ee728b)  -> (artifact id: 'bd83dcc1532e0c2f499590e1d4d0181b') in 0.020182 seconds 
========================================================================
Received Import Request.
  Time since last request: 0.195744 seconds.
  path: Packages/com.unity.textmeshpro/Editor Resources/Textures/btn_AlignCenter_Light.psd
  artifactKey: Guid(6ace62d30f494c948b71d5594afce11d) Importer(815301076,1909f56bfc062723c751e8b465ee728b)
Start importing Packages/com.unity.textmeshpro/Editor Resources/Textures/btn_AlignCenter_Light.psd using Guid(6ace62d30f494c948b71d5594afce11d) Importer(815301076,1909f56bfc062723c751e8b465ee728b)  -> (artifact id: '6df15af7bbd5b331406b87d6d6603e97') in 0.023394 seconds 
========================================================================
Received Import Request.
  Time since last request: 0.033755 seconds.
  path: Packages/com.unity.textmeshpro/Editor Resources/Textures/btn_AlignCenterGeo_Light.psd
  artifactKey: Guid(35ff0937876540d3bd4b6a941df62a92) Importer(815301076,1909f56bfc062723c751e8b465ee728b)
Start importing Packages/com.unity.textmeshpro/Editor Resources/Textures/btn_AlignCenterGeo_Light.psd using Guid(35ff0937876540d3bd4b6a941df62a92) Importer(815301076,1909f56bfc062723c751e8b465ee728b)  -> (artifact id: '180da7b9a68c9ebd83acbc601b37a771') in 0.021354 seconds 
========================================================================
Received Import Request.
  Time since last request: 0.000029 seconds.
  path: Packages/com.unity.textmeshpro/Editor Resources/Textures/btn_AlignJustified.psd
  artifactKey: Guid(92027f7f8cfc4feaa477da0dc38d3d46) Importer(815301076,1909f56bfc062723c751e8b465ee728b)
Start importing Packages/com.unity.textmeshpro/Editor Resources/Textures/btn_AlignJustified.psd using Guid(92027f7f8cfc4feaa477da0dc38d3d46) Importer(815301076,1909f56bfc062723c751e8b465ee728b)  -> (artifact id: '818a2480ddf5b2dfe38c87feef8dce38') in 0.024451 seconds 
========================================================================
Received Import Request.
  Time since last request: 27.480588 seconds.
  path: Packages/com.unity.collab-proxy/Editor/PlasticSCM/Assets/Images/d_iconemptygravatar.png
  artifactKey: Guid(9aebd705574f9e642aef1e5f59b3e4d8) Importer(815301076,1909f56bfc062723c751e8b465ee728b)
Start importing Packages/com.unity.collab-proxy/Editor/PlasticSCM/Assets/Images/d_iconemptygravatar.png using Guid(9aebd705574f9e642aef1e5f59b3e4d8) Importer(815301076,1909f56bfc062723c751e8b465ee728b)  -> (artifact id: 'fb758312277ebe7372b4dcc591924741') in 0.075949 seconds 
========================================================================
Received Import Request.
  Time since last request: 0.000030 seconds.
  path: Assets/Horror/Standard Assets/Terrain Assets/Terrain Grass/Grass.psd
  artifactKey: Guid(e8ca2a5ce34732b4289e94592cb48511) Importer(815301076,1909f56bfc062723c751e8b465ee728b)
Start importing Assets/Horror/Standard Assets/Terrain Assets/Terrain Grass/Grass.psd using Guid(e8ca2a5ce34732b4289e94592cb48511) Importer(815301076,1909f56bfc062723c751e8b465ee728b)  -> (artifact id: '011487bef0b0092ac930ad57e30b9092') in 0.042731 seconds 
========================================================================
Received Import Request.
  Time since last request: 0.467004 seconds.
  path: Assets/Standard Assets/Environment/TerrainAssets/BillboardTextures/GrassFrond02AlbedoAlpha.psd
  artifactKey: Guid(d6cdc79ec19714fcd980ca3f6ac01a0a) Importer(815301076,1909f56bfc062723c751e8b465ee728b)
Start importing Assets/Standard Assets/Environment/TerrainAssets/BillboardTextures/GrassFrond02AlbedoAlpha.psd using Guid(d6cdc79ec19714fcd980ca3f6ac01a0a) Importer(815301076,1909f56bfc062723c751e8b465ee728b)  -> (artifact id: '55994967e8e470d32d01308d2a2c8cd4') in 0.035030 seconds 
Editor requested this worker to shutdown with reason: Scaling down because of idle timeout
AssetImportWorker is now disconnected from the server
Process exiting
Exiting without the bug reporter. Application will terminate with return code 0